

Started GET "/" for 127.0.0.1 at 2016-08-09 06:41:54 +0530

ActiveRecord::PendingMigrationError (

Migrations are pending. To resolve this issue, run:

	bin/rake db:migrate RAILS_ENV=development

):
  activerecord (4.1.5) lib/active_record/migration.rb:389:in `check_pending!'
  activerecord (4.1.5) lib/active_record/migration.rb:377:in `call'
  actionpack (4.1.5) lib/action_dispatch/middleware/callbacks.rb:29:in `block in call'
  activesupport (4.1.5) lib/active_support/callbacks.rb:82:in `run_callbacks'
  actionpack (4.1.5) lib/action_dispatch/middleware/callbacks.rb:27:in `call'
  actionpack (4.1.5) lib/action_dispatch/middleware/reloader.rb:73:in `call'
  actionpack (4.1.5) lib/action_dispatch/middleware/remote_ip.rb:76:in `call'
  actionpack (4.1.5) lib/action_dispatch/middleware/debug_exceptions.rb:17:in `call'
  actionpack (4.1.5) lib/action_dispatch/middleware/show_exceptions.rb:30:in `call'
  railties (4.1.5) lib/rails/rack/logger.rb:38:in `call_app'
  railties (4.1.5) lib/rails/rack/logger.rb:20:in `block in call'
  activesupport (4.1.5) lib/active_support/tagged_logging.rb:68:in `block in tagged'
  activesupport (4.1.5) lib/active_support/tagged_logging.rb:26:in `tagged'
  activesupport (4.1.5) lib/active_support/tagged_logging.rb:68:in `tagged'
  railties (4.1.5) lib/rails/rack/logger.rb:20:in `call'
  actionpack (4.1.5) lib/action_dispatch/middleware/request_id.rb:21:in `call'
  rack (1.5.2) lib/rack/methodoverride.rb:21:in `call'
  rack (1.5.2) lib/rack/runtime.rb:17:in `call'
  activesupport (4.1.5) lib/active_support/cache/strategy/local_cache_middleware.rb:26:in `call'
  rack (1.5.2) lib/rack/lock.rb:17:in `call'
  actionpack (4.1.5) lib/action_dispatch/middleware/static.rb:64:in `call'
  rack (1.5.2) lib/rack/sendfile.rb:112:in `call'
  railties (4.1.5) lib/rails/engine.rb:514:in `call'
  railties (4.1.5) lib/rails/application.rb:144:in `call'
  rack (1.5.2) lib/rack/lock.rb:17:in `call'
  rack (1.5.2) lib/rack/content_length.rb:14:in `call'
  rack (1.5.2) lib/rack/handler/webrick.rb:60:in `service'
  /home/tri/.rvm/rubies/ruby-2.2.1/lib/ruby/2.2.0/webrick/httpserver.rb:138:in `service'
  /home/tri/.rvm/rubies/ruby-2.2.1/lib/ruby/2.2.0/webrick/httpserver.rb:94:in `run'
  /home/tri/.rvm/rubies/ruby-2.2.1/lib/ruby/2.2.0/webrick/server.rb:294:in `block in start_thread'


  Rendered /home/tri/.rvm/gems/ruby-2.2.1/gems/actionpack-4.1.5/lib/action_dispatch/middleware/templates/rescues/_source.erb (0.7ms)
  Rendered /home/tri/.rvm/gems/ruby-2.2.1/gems/actionpack-4.1.5/lib/action_dispatch/middleware/templates/rescues/_trace.html.erb (1.1ms)
  Rendered /home/tri/.rvm/gems/ruby-2.2.1/gems/actionpack-4.1.5/lib/action_dispatch/middleware/templates/rescues/_request_and_response.html.erb (1.0ms)
  Rendered /home/tri/.rvm/gems/ruby-2.2.1/gems/actionpack-4.1.5/lib/action_dispatch/middleware/templates/rescues/diagnostics.erb within rescues/layout (16.4ms)
  [1m[36m (122.8ms)[0m  [1mCREATE TABLE "schema_migrations" ("version" varchar(255) NOT NULL) [0m
  [1m[35m (0.2ms)[0m  select sqlite_version(*)
  [1m[36m (99.0ms)[0m  [1mCREATE UNIQUE INDEX "unique_schema_migrations" ON "schema_migrations" ("version")[0m
  [1m[35mActiveRecord::SchemaMigration Load (0.2ms)[0m  SELECT "schema_migrations".* FROM "schema_migrations"
Migrating to CreateTodoLists (20141012144309)
  [1m[36m (0.1ms)[0m  [1mbegin transaction[0m
  [1m[35m (0.7ms)[0m  CREATE TABLE "todo_lists" ("id" INTEGER PRIMARY KEY AUTOINCREMENT NOT NULL, "title" varchar(255), "description" text, "created_at" datetime, "updated_at" datetime) 
  [1m[36mSQL (0.4ms)[0m  [1mINSERT INTO "schema_migrations" ("version") VALUES (?)[0m  [["version", "20141012144309"]]
  [1m[35m (116.7ms)[0m  commit transaction
Migrating to CreateTodoItems (20141012144541)
  [1m[36m (0.1ms)[0m  [1mbegin transaction[0m
  [1m[35m (0.5ms)[0m  CREATE TABLE "todo_items" ("id" INTEGER PRIMARY KEY AUTOINCREMENT NOT NULL, "content" varchar(255), "todo_list_id" integer, "created_at" datetime, "updated_at" datetime) 
  [1m[36m (0.3ms)[0m  [1mCREATE  INDEX "index_todo_items_on_todo_list_id" ON "todo_items" ("todo_list_id")[0m
  [1m[35mSQL (0.2ms)[0m  INSERT INTO "schema_migrations" ("version") VALUES (?)  [["version", "20141012144541"]]
  [1m[36m (106.8ms)[0m  [1mcommit transaction[0m
Migrating to AddCompletedAtToTodoItems (20141012150146)
  [1m[35m (0.1ms)[0m  begin transaction
  [1m[36m (0.6ms)[0m  [1mALTER TABLE "todo_items" ADD "completed_at" datetime[0m
  [1m[35mSQL (0.2ms)[0m  INSERT INTO "schema_migrations" ("version") VALUES (?)  [["version", "20141012150146"]]
  [1m[36m (97.0ms)[0m  [1mcommit transaction[0m
  [1m[35mActiveRecord::SchemaMigration Load (0.2ms)[0m  SELECT "schema_migrations".* FROM "schema_migrations"
  [1m[36m (0.2ms)[0m  [1m            SELECT sql
            FROM sqlite_master
            WHERE name='index_todo_items_on_todo_list_id' AND type='index'
            UNION ALL
            SELECT sql
            FROM sqlite_temp_master
            WHERE name='index_todo_items_on_todo_list_id' AND type='index'
[0m


Started GET "/" for 127.0.0.1 at 2016-08-09 06:42:35 +0530
  [1m[36mActiveRecord::SchemaMigration Load (0.1ms)[0m  [1mSELECT "schema_migrations".* FROM "schema_migrations"[0m
Processing by TodoListsController#index as HTML
  [1m[35mTodoList Load (0.1ms)[0m  SELECT "todo_lists".* FROM "todo_lists"
  Rendered todo_lists/index.html.erb within layouts/application (1.7ms)
Completed 200 OK in 531ms (Views: 518.8ms | ActiveRecord: 0.1ms)


Started GET "/assets/application.css?body=1" for 127.0.0.1 at 2016-08-09 06:42:36 +0530


Started GET "/assets/jquery_ujs.js?body=1" for 127.0.0.1 at 2016-08-09 06:42:36 +0530


Started GET "/assets/jquery.js?body=1" for 127.0.0.1 at 2016-08-09 06:42:36 +0530


Started GET "/assets/todo_items.js?body=1" for 127.0.0.1 at 2016-08-09 06:42:36 +0530


Started GET "/assets/turbolinks.js?body=1" for 127.0.0.1 at 2016-08-09 06:42:36 +0530


Started GET "/assets/todo_lists.js?body=1" for 127.0.0.1 at 2016-08-09 06:42:36 +0530


Started GET "/assets/application.js?body=1" for 127.0.0.1 at 2016-08-09 06:42:36 +0530


Started GET "/todo_lists/new" for 127.0.0.1 at 2016-08-09 06:42:38 +0530
Processing by TodoListsController#new as HTML
  Rendered todo_lists/_form.html.erb (22.0ms)
  Rendered todo_lists/new.html.erb within layouts/application (26.7ms)
Completed 200 OK in 63ms (Views: 60.2ms | ActiveRecord: 0.6ms)


Started POST "/todo_lists" for 127.0.0.1 at 2016-08-09 06:43:17 +0530
Processing by TodoListsController#create as HTML
  Parameters: {"utf8"=>"✓", "authenticity_token"=>"UHGFErLYGlB8Pvf7SS4gREjsNnKXMDoc2O29JiLVWEg=", "todo_list"=>{"title"=>"Ruby", "description"=>"SDKFSDF;LSDFKSLD;FSDLKFMSLF"}, "commit"=>"Create Todo list"}
  [1m[36m (0.1ms)[0m  [1mbegin transaction[0m
  [1m[35mSQL (0.4ms)[0m  INSERT INTO "todo_lists" ("created_at", "description", "title", "updated_at") VALUES (?, ?, ?, ?)  [["created_at", "2016-08-09 01:13:17.057375"], ["description", "SDKFSDF;LSDFKSLD;FSDLKFMSLF"], ["title", "Ruby"], ["updated_at", "2016-08-09 01:13:17.057375"]]
  [1m[36m (237.7ms)[0m  [1mcommit transaction[0m
Redirected to http://localhost:3000/todo_lists/1
Completed 302 Found in 246ms (ActiveRecord: 238.3ms)


Started GET "/todo_lists/1" for 127.0.0.1 at 2016-08-09 06:43:17 +0530
Processing by TodoListsController#show as HTML
  Parameters: {"id"=>"1"}
  [1m[35mTodoList Load (0.3ms)[0m  SELECT  "todo_lists".* FROM "todo_lists"  WHERE "todo_lists"."id" = ? LIMIT 1  [["id", 1]]
  [1m[36mTodoItem Load (0.2ms)[0m  [1mSELECT "todo_items".* FROM "todo_items"  WHERE "todo_items"."todo_list_id" = ?[0m  [["todo_list_id", 1]]
  Rendered collection (0.0ms)
  Rendered todo_items/_form.html.erb (20.4ms)
  Rendered todo_lists/show.html.erb within layouts/application (55.4ms)
Completed 200 OK in 93ms (Views: 89.0ms | ActiveRecord: 1.0ms)


Started GET "/assets/application.css?body=1" for 127.0.0.1 at 2016-08-09 06:43:17 +0530


Started GET "/assets/jquery.js?body=1" for 127.0.0.1 at 2016-08-09 06:43:17 +0530


Started GET "/assets/jquery_ujs.js?body=1" for 127.0.0.1 at 2016-08-09 06:43:17 +0530


Started GET "/assets/turbolinks.js?body=1" for 127.0.0.1 at 2016-08-09 06:43:17 +0530


Started GET "/assets/todo_lists.js?body=1" for 127.0.0.1 at 2016-08-09 06:43:17 +0530


Started GET "/assets/todo_items.js?body=1" for 127.0.0.1 at 2016-08-09 06:43:17 +0530


Started GET "/assets/application.js?body=1" for 127.0.0.1 at 2016-08-09 06:43:17 +0530


Started POST "/todo_lists/1/todo_items" for 127.0.0.1 at 2016-08-09 06:43:24 +0530
Processing by TodoItemsController#create as HTML
  Parameters: {"utf8"=>"✓", "authenticity_token"=>"UHGFErLYGlB8Pvf7SS4gREjsNnKXMDoc2O29JiLVWEg=", "todo_item"=>{"content"=>""}, "commit"=>"Create Todo item", "todo_list_id"=>"1"}
  [1m[35mTodoList Load (0.1ms)[0m  SELECT  "todo_lists".* FROM "todo_lists"  WHERE "todo_lists"."id" = ? LIMIT 1  [["id", 1]]
  [1m[36m (0.1ms)[0m  [1mbegin transaction[0m
  [1m[35mSQL (0.4ms)[0m  INSERT INTO "todo_items" ("content", "created_at", "todo_list_id", "updated_at") VALUES (?, ?, ?, ?)  [["content", ""], ["created_at", "2016-08-09 01:13:24.652671"], ["todo_list_id", 1], ["updated_at", "2016-08-09 01:13:24.652671"]]
  [1m[36m (125.2ms)[0m  [1mcommit transaction[0m
Redirected to http://localhost:3000/todo_lists/1
Completed 302 Found in 132ms (ActiveRecord: 125.8ms)


Started GET "/todo_lists/1" for 127.0.0.1 at 2016-08-09 06:43:24 +0530
Processing by TodoListsController#show as HTML
  Parameters: {"id"=>"1"}
  [1m[35mTodoList Load (0.2ms)[0m  SELECT  "todo_lists".* FROM "todo_lists"  WHERE "todo_lists"."id" = ? LIMIT 1  [["id", 1]]
  [1m[36mTodoItem Load (0.1ms)[0m  [1mSELECT "todo_items".* FROM "todo_items"  WHERE "todo_items"."todo_list_id" = ?[0m  [["todo_list_id", 1]]
  Rendered todo_items/_todo_item.html.erb (2.1ms)
  Rendered todo_items/_form.html.erb (2.7ms)
  Rendered todo_lists/show.html.erb within layouts/application (9.4ms)
Completed 200 OK in 60ms (Views: 58.4ms | ActiveRecord: 0.3ms)


Started GET "/assets/application.css?body=1" for 127.0.0.1 at 2016-08-09 06:43:24 +0530


Started GET "/assets/jquery_ujs.js?body=1" for 127.0.0.1 at 2016-08-09 06:43:24 +0530


Started GET "/assets/jquery.js?body=1" for 127.0.0.1 at 2016-08-09 06:43:24 +0530


Started GET "/assets/turbolinks.js?body=1" for 127.0.0.1 at 2016-08-09 06:43:25 +0530


Started GET "/assets/application.js?body=1" for 127.0.0.1 at 2016-08-09 06:43:25 +0530


Started GET "/assets/todo_lists.js?body=1" for 127.0.0.1 at 2016-08-09 06:43:25 +0530


Started GET "/assets/todo_items.js?body=1" for 127.0.0.1 at 2016-08-09 06:43:25 +0530


Started POST "/todo_lists/1/todo_items" for 127.0.0.1 at 2016-08-09 06:43:35 +0530
Processing by TodoItemsController#create as HTML
  Parameters: {"utf8"=>"✓", "authenticity_token"=>"UHGFErLYGlB8Pvf7SS4gREjsNnKXMDoc2O29JiLVWEg=", "todo_item"=>{"content"=>"Python"}, "commit"=>"Create Todo item", "todo_list_id"=>"1"}
  [1m[35mTodoList Load (0.2ms)[0m  SELECT  "todo_lists".* FROM "todo_lists"  WHERE "todo_lists"."id" = ? LIMIT 1  [["id", 1]]
  [1m[36m (0.1ms)[0m  [1mbegin transaction[0m
  [1m[35mSQL (0.3ms)[0m  INSERT INTO "todo_items" ("content", "created_at", "todo_list_id", "updated_at") VALUES (?, ?, ?, ?)  [["content", "Python"], ["created_at", "2016-08-09 01:13:35.649158"], ["todo_list_id", 1], ["updated_at", "2016-08-09 01:13:35.649158"]]
  [1m[36m (221.1ms)[0m  [1mcommit transaction[0m
Redirected to http://localhost:3000/todo_lists/1
Completed 302 Found in 228ms (ActiveRecord: 221.7ms)


Started GET "/todo_lists/1" for 127.0.0.1 at 2016-08-09 06:43:35 +0530
Processing by TodoListsController#show as HTML
  Parameters: {"id"=>"1"}
  [1m[35mTodoList Load (0.2ms)[0m  SELECT  "todo_lists".* FROM "todo_lists"  WHERE "todo_lists"."id" = ? LIMIT 1  [["id", 1]]
  [1m[36mTodoItem Load (0.2ms)[0m  [1mSELECT "todo_items".* FROM "todo_items"  WHERE "todo_items"."todo_list_id" = ?[0m  [["todo_list_id", 1]]
  Rendered todo_items/_todo_item.html.erb (1.2ms)
  Rendered todo_items/_form.html.erb (2.1ms)
  Rendered todo_lists/show.html.erb within layouts/application (7.0ms)
Completed 200 OK in 49ms (Views: 46.6ms | ActiveRecord: 0.4ms)


Started GET "/assets/application.css?body=1" for 127.0.0.1 at 2016-08-09 06:43:36 +0530


Started GET "/assets/jquery.js?body=1" for 127.0.0.1 at 2016-08-09 06:43:36 +0530


Started GET "/assets/jquery_ujs.js?body=1" for 127.0.0.1 at 2016-08-09 06:43:36 +0530


Started GET "/assets/todo_items.js?body=1" for 127.0.0.1 at 2016-08-09 06:43:36 +0530


Started GET "/assets/todo_lists.js?body=1" for 127.0.0.1 at 2016-08-09 06:43:36 +0530


Started GET "/assets/turbolinks.js?body=1" for 127.0.0.1 at 2016-08-09 06:43:36 +0530


Started GET "/assets/application.js?body=1" for 127.0.0.1 at 2016-08-09 06:43:36 +0530


Started POST "/todo_lists/1/todo_items" for 127.0.0.1 at 2016-08-09 06:43:48 +0530
Processing by TodoItemsController#create as HTML
  Parameters: {"utf8"=>"✓", "authenticity_token"=>"UHGFErLYGlB8Pvf7SS4gREjsNnKXMDoc2O29JiLVWEg=", "todo_item"=>{"content"=>"sldkf"}, "commit"=>"Create Todo item", "todo_list_id"=>"1"}
  [1m[35mTodoList Load (0.1ms)[0m  SELECT  "todo_lists".* FROM "todo_lists"  WHERE "todo_lists"."id" = ? LIMIT 1  [["id", 1]]
  [1m[36m (0.1ms)[0m  [1mbegin transaction[0m
  [1m[35mSQL (0.3ms)[0m  INSERT INTO "todo_items" ("content", "created_at", "todo_list_id", "updated_at") VALUES (?, ?, ?, ?)  [["content", "sldkf"], ["created_at", "2016-08-09 01:13:48.337857"], ["todo_list_id", 1], ["updated_at", "2016-08-09 01:13:48.337857"]]
  [1m[36m (250.0ms)[0m  [1mcommit transaction[0m
Redirected to http://localhost:3000/todo_lists/1
Completed 302 Found in 256ms (ActiveRecord: 250.6ms)


Started GET "/todo_lists/1" for 127.0.0.1 at 2016-08-09 06:43:48 +0530
Processing by TodoListsController#show as HTML
  Parameters: {"id"=>"1"}
  [1m[35mTodoList Load (0.2ms)[0m  SELECT  "todo_lists".* FROM "todo_lists"  WHERE "todo_lists"."id" = ? LIMIT 1  [["id", 1]]
  [1m[36mTodoItem Load (0.2ms)[0m  [1mSELECT "todo_items".* FROM "todo_items"  WHERE "todo_items"."todo_list_id" = ?[0m  [["todo_list_id", 1]]
  Rendered todo_items/_todo_item.html.erb (2.6ms)
  Rendered todo_items/_form.html.erb (2.7ms)
  Rendered todo_lists/show.html.erb within layouts/application (9.5ms)
Completed 200 OK in 54ms (Views: 51.9ms | ActiveRecord: 0.3ms)


Started GET "/assets/application.css?body=1" for 127.0.0.1 at 2016-08-09 06:43:48 +0530


Started GET "/assets/jquery_ujs.js?body=1" for 127.0.0.1 at 2016-08-09 06:43:48 +0530


Started GET "/assets/turbolinks.js?body=1" for 127.0.0.1 at 2016-08-09 06:43:48 +0530


Started GET "/assets/jquery.js?body=1" for 127.0.0.1 at 2016-08-09 06:43:48 +0530


Started GET "/assets/application.js?body=1" for 127.0.0.1 at 2016-08-09 06:43:48 +0530


Started GET "/assets/todo_lists.js?body=1" for 127.0.0.1 at 2016-08-09 06:43:48 +0530


Started GET "/assets/todo_items.js?body=1" for 127.0.0.1 at 2016-08-09 06:43:48 +0530


Started DELETE "/todo_lists/1/todo_items/3" for 127.0.0.1 at 2016-08-09 06:43:55 +0530
Processing by TodoItemsController#destroy as HTML
  Parameters: {"authenticity_token"=>"UHGFErLYGlB8Pvf7SS4gREjsNnKXMDoc2O29JiLVWEg=", "todo_list_id"=>"1", "id"=>"3"}
  [1m[35mTodoList Load (0.2ms)[0m  SELECT  "todo_lists".* FROM "todo_lists"  WHERE "todo_lists"."id" = ? LIMIT 1  [["id", 1]]
  [1m[36mTodoItem Load (0.3ms)[0m  [1mSELECT  "todo_items".* FROM "todo_items"  WHERE "todo_items"."todo_list_id" = ? AND "todo_items"."id" = ? LIMIT 1[0m  [["todo_list_id", 1], ["id", 3]]
  [1m[35m (0.1ms)[0m  begin transaction
  [1m[36mSQL (0.4ms)[0m  [1mDELETE FROM "todo_items" WHERE "todo_items"."id" = ?[0m  [["id", 3]]
  [1m[35m (127.1ms)[0m  commit transaction
Redirected to http://localhost:3000/todo_lists/1
Completed 302 Found in 134ms (ActiveRecord: 128.1ms)


Started GET "/todo_lists/1" for 127.0.0.1 at 2016-08-09 06:43:55 +0530
Processing by TodoListsController#show as HTML
  Parameters: {"id"=>"1"}
  [1m[36mTodoList Load (0.2ms)[0m  [1mSELECT  "todo_lists".* FROM "todo_lists"  WHERE "todo_lists"."id" = ? LIMIT 1[0m  [["id", 1]]
  [1m[35mTodoItem Load (0.1ms)[0m  SELECT "todo_items".* FROM "todo_items"  WHERE "todo_items"."todo_list_id" = ?  [["todo_list_id", 1]]
  Rendered todo_items/_todo_item.html.erb (1.6ms)
  Rendered todo_items/_form.html.erb (2.6ms)
  Rendered todo_lists/show.html.erb within layouts/application (8.4ms)
Completed 200 OK in 51ms (Views: 49.3ms | ActiveRecord: 0.3ms)


Started GET "/assets/application.css?body=1" for 127.0.0.1 at 2016-08-09 06:43:56 +0530


Started GET "/assets/jquery.js?body=1" for 127.0.0.1 at 2016-08-09 06:43:56 +0530


Started GET "/assets/jquery_ujs.js?body=1" for 127.0.0.1 at 2016-08-09 06:43:56 +0530


Started GET "/assets/turbolinks.js?body=1" for 127.0.0.1 at 2016-08-09 06:43:56 +0530


Started GET "/assets/todo_items.js?body=1" for 127.0.0.1 at 2016-08-09 06:43:56 +0530


Started GET "/assets/application.js?body=1" for 127.0.0.1 at 2016-08-09 06:43:56 +0530


Started GET "/assets/todo_lists.js?body=1" for 127.0.0.1 at 2016-08-09 06:43:56 +0530


Started DELETE "/todo_lists/1/todo_items/2" for 127.0.0.1 at 2016-08-09 06:43:58 +0530
Processing by TodoItemsController#destroy as HTML
  Parameters: {"authenticity_token"=>"UHGFErLYGlB8Pvf7SS4gREjsNnKXMDoc2O29JiLVWEg=", "todo_list_id"=>"1", "id"=>"2"}
  [1m[36mTodoList Load (0.1ms)[0m  [1mSELECT  "todo_lists".* FROM "todo_lists"  WHERE "todo_lists"."id" = ? LIMIT 1[0m  [["id", 1]]
  [1m[35mTodoItem Load (0.1ms)[0m  SELECT  "todo_items".* FROM "todo_items"  WHERE "todo_items"."todo_list_id" = ? AND "todo_items"."id" = ? LIMIT 1  [["todo_list_id", 1], ["id", 2]]
  [1m[36m (0.2ms)[0m  [1mbegin transaction[0m
  [1m[35mSQL (0.2ms)[0m  DELETE FROM "todo_items" WHERE "todo_items"."id" = ?  [["id", 2]]
  [1m[36m (131.2ms)[0m  [1mcommit transaction[0m
Redirected to http://localhost:3000/todo_lists/1
Completed 302 Found in 136ms (ActiveRecord: 131.8ms)


Started GET "/todo_lists/1" for 127.0.0.1 at 2016-08-09 06:43:58 +0530
Processing by TodoListsController#show as HTML
  Parameters: {"id"=>"1"}
  [1m[35mTodoList Load (0.2ms)[0m  SELECT  "todo_lists".* FROM "todo_lists"  WHERE "todo_lists"."id" = ? LIMIT 1  [["id", 1]]
  [1m[36mTodoItem Load (0.1ms)[0m  [1mSELECT "todo_items".* FROM "todo_items"  WHERE "todo_items"."todo_list_id" = ?[0m  [["todo_list_id", 1]]
  Rendered todo_items/_todo_item.html.erb (0.8ms)
  Rendered todo_items/_form.html.erb (2.5ms)
  Rendered todo_lists/show.html.erb within layouts/application (7.4ms)
Completed 200 OK in 43ms (Views: 40.1ms | ActiveRecord: 0.3ms)


Started GET "/assets/application.css?body=1" for 127.0.0.1 at 2016-08-09 06:43:58 +0530


Started GET "/assets/jquery_ujs.js?body=1" for 127.0.0.1 at 2016-08-09 06:43:58 +0530


Started GET "/assets/todo_items.js?body=1" for 127.0.0.1 at 2016-08-09 06:43:58 +0530


Started GET "/assets/turbolinks.js?body=1" for 127.0.0.1 at 2016-08-09 06:43:58 +0530


Started GET "/assets/application.js?body=1" for 127.0.0.1 at 2016-08-09 06:43:58 +0530


Started GET "/assets/jquery.js?body=1" for 127.0.0.1 at 2016-08-09 06:43:58 +0530


Started GET "/assets/todo_lists.js?body=1" for 127.0.0.1 at 2016-08-09 06:43:58 +0530


Started DELETE "/todo_lists/1/todo_items/1" for 127.0.0.1 at 2016-08-09 06:44:03 +0530
Processing by TodoItemsController#destroy as HTML
  Parameters: {"authenticity_token"=>"UHGFErLYGlB8Pvf7SS4gREjsNnKXMDoc2O29JiLVWEg=", "todo_list_id"=>"1", "id"=>"1"}
  [1m[35mTodoList Load (0.1ms)[0m  SELECT  "todo_lists".* FROM "todo_lists"  WHERE "todo_lists"."id" = ? LIMIT 1  [["id", 1]]
  [1m[36mTodoItem Load (0.1ms)[0m  [1mSELECT  "todo_items".* FROM "todo_items"  WHERE "todo_items"."todo_list_id" = ? AND "todo_items"."id" = ? LIMIT 1[0m  [["todo_list_id", 1], ["id", 1]]
  [1m[35m (0.1ms)[0m  begin transaction
  [1m[36mSQL (0.2ms)[0m  [1mDELETE FROM "todo_items" WHERE "todo_items"."id" = ?[0m  [["id", 1]]
  [1m[35m (128.7ms)[0m  commit transaction
Redirected to http://localhost:3000/todo_lists/1
Completed 302 Found in 135ms (ActiveRecord: 129.3ms)


Started GET "/todo_lists/1" for 127.0.0.1 at 2016-08-09 06:44:03 +0530
Processing by TodoListsController#show as HTML
  Parameters: {"id"=>"1"}
  [1m[36mTodoList Load (0.2ms)[0m  [1mSELECT  "todo_lists".* FROM "todo_lists"  WHERE "todo_lists"."id" = ? LIMIT 1[0m  [["id", 1]]
  [1m[35mTodoItem Load (0.1ms)[0m  SELECT "todo_items".* FROM "todo_items"  WHERE "todo_items"."todo_list_id" = ?  [["todo_list_id", 1]]
  Rendered collection (0.0ms)
  Rendered todo_items/_form.html.erb (2.2ms)
  Rendered todo_lists/show.html.erb within layouts/application (4.9ms)
Completed 200 OK in 47ms (Views: 43.3ms | ActiveRecord: 0.3ms)


Started GET "/assets/application.css?body=1" for 127.0.0.1 at 2016-08-09 06:44:03 +0530


Started GET "/assets/jquery.js?body=1" for 127.0.0.1 at 2016-08-09 06:44:03 +0530


Started GET "/assets/turbolinks.js?body=1" for 127.0.0.1 at 2016-08-09 06:44:03 +0530


Started GET "/assets/todo_items.js?body=1" for 127.0.0.1 at 2016-08-09 06:44:03 +0530


Started GET "/assets/jquery_ujs.js?body=1" for 127.0.0.1 at 2016-08-09 06:44:03 +0530


Started GET "/assets/application.js?body=1" for 127.0.0.1 at 2016-08-09 06:44:03 +0530


Started GET "/assets/todo_lists.js?body=1" for 127.0.0.1 at 2016-08-09 06:44:03 +0530


Started POST "/todo_lists/1/todo_items" for 127.0.0.1 at 2016-08-09 06:44:06 +0530
Processing by TodoItemsController#create as HTML
  Parameters: {"utf8"=>"✓", "authenticity_token"=>"UHGFErLYGlB8Pvf7SS4gREjsNnKXMDoc2O29JiLVWEg=", "todo_item"=>{"content"=>""}, "commit"=>"Create Todo item", "todo_list_id"=>"1"}
  [1m[36mTodoList Load (0.2ms)[0m  [1mSELECT  "todo_lists".* FROM "todo_lists"  WHERE "todo_lists"."id" = ? LIMIT 1[0m  [["id", 1]]
  [1m[35m (0.1ms)[0m  begin transaction
  [1m[36mSQL (0.3ms)[0m  [1mINSERT INTO "todo_items" ("content", "created_at", "todo_list_id", "updated_at") VALUES (?, ?, ?, ?)[0m  [["content", ""], ["created_at", "2016-08-09 01:14:06.656468"], ["todo_list_id", 1], ["updated_at", "2016-08-09 01:14:06.656468"]]
  [1m[35m (137.5ms)[0m  commit transaction
Redirected to http://localhost:3000/todo_lists/1
Completed 302 Found in 145ms (ActiveRecord: 138.1ms)


Started GET "/todo_lists/1" for 127.0.0.1 at 2016-08-09 06:44:06 +0530
Processing by TodoListsController#show as HTML
  Parameters: {"id"=>"1"}
  [1m[36mTodoList Load (0.2ms)[0m  [1mSELECT  "todo_lists".* FROM "todo_lists"  WHERE "todo_lists"."id" = ? LIMIT 1[0m  [["id", 1]]
  [1m[35mTodoItem Load (0.2ms)[0m  SELECT "todo_items".* FROM "todo_items"  WHERE "todo_items"."todo_list_id" = ?  [["todo_list_id", 1]]
  Rendered todo_items/_todo_item.html.erb (1.0ms)
  Rendered todo_items/_form.html.erb (2.8ms)
  Rendered todo_lists/show.html.erb within layouts/application (8.2ms)
Completed 200 OK in 54ms (Views: 51.5ms | ActiveRecord: 0.4ms)


Started GET "/assets/application.css?body=1" for 127.0.0.1 at 2016-08-09 06:44:06 +0530


Started GET "/assets/jquery.js?body=1" for 127.0.0.1 at 2016-08-09 06:44:06 +0530


Started GET "/assets/turbolinks.js?body=1" for 127.0.0.1 at 2016-08-09 06:44:06 +0530


Started GET "/assets/jquery_ujs.js?body=1" for 127.0.0.1 at 2016-08-09 06:44:06 +0530


Started GET "/assets/application.js?body=1" for 127.0.0.1 at 2016-08-09 06:44:06 +0530


Started GET "/assets/todo_items.js?body=1" for 127.0.0.1 at 2016-08-09 06:44:06 +0530


Started GET "/assets/todo_lists.js?body=1" for 127.0.0.1 at 2016-08-09 06:44:06 +0530


Started POST "/todo_lists/1/todo_items" for 127.0.0.1 at 2016-08-09 06:44:21 +0530
Processing by TodoItemsController#create as HTML
  Parameters: {"utf8"=>"✓", "authenticity_token"=>"UHGFErLYGlB8Pvf7SS4gREjsNnKXMDoc2O29JiLVWEg=", "todo_item"=>{"content"=>"lsakdjasldds"}, "commit"=>"Create Todo item", "todo_list_id"=>"1"}
  [1m[36mTodoList Load (0.2ms)[0m  [1mSELECT  "todo_lists".* FROM "todo_lists"  WHERE "todo_lists"."id" = ? LIMIT 1[0m  [["id", 1]]
  [1m[35m (0.1ms)[0m  begin transaction
  [1m[36mSQL (0.3ms)[0m  [1mINSERT INTO "todo_items" ("content", "created_at", "todo_list_id", "updated_at") VALUES (?, ?, ?, ?)[0m  [["content", "lsakdjasldds"], ["created_at", "2016-08-09 01:14:22.004232"], ["todo_list_id", 1], ["updated_at", "2016-08-09 01:14:22.004232"]]
  [1m[35m (194.1ms)[0m  commit transaction
Redirected to http://localhost:3000/todo_lists/1
Completed 302 Found in 201ms (ActiveRecord: 194.6ms)


Started GET "/todo_lists/1" for 127.0.0.1 at 2016-08-09 06:44:22 +0530
Processing by TodoListsController#show as HTML
  Parameters: {"id"=>"1"}
  [1m[36mTodoList Load (0.2ms)[0m  [1mSELECT  "todo_lists".* FROM "todo_lists"  WHERE "todo_lists"."id" = ? LIMIT 1[0m  [["id", 1]]
  [1m[35mTodoItem Load (0.2ms)[0m  SELECT "todo_items".* FROM "todo_items"  WHERE "todo_items"."todo_list_id" = ?  [["todo_list_id", 1]]
  Rendered todo_items/_todo_item.html.erb (1.3ms)
  Rendered todo_items/_form.html.erb (2.2ms)
  Rendered todo_lists/show.html.erb within layouts/application (7.6ms)
Completed 200 OK in 56ms (Views: 53.5ms | ActiveRecord: 0.3ms)


Started GET "/assets/application.css?body=1" for 127.0.0.1 at 2016-08-09 06:44:22 +0530


Started GET "/assets/jquery.js?body=1" for 127.0.0.1 at 2016-08-09 06:44:22 +0530


Started GET "/assets/jquery_ujs.js?body=1" for 127.0.0.1 at 2016-08-09 06:44:22 +0530


Started GET "/assets/turbolinks.js?body=1" for 127.0.0.1 at 2016-08-09 06:44:22 +0530


Started GET "/assets/application.js?body=1" for 127.0.0.1 at 2016-08-09 06:44:22 +0530


Started GET "/assets/todo_lists.js?body=1" for 127.0.0.1 at 2016-08-09 06:44:22 +0530


Started GET "/assets/todo_items.js?body=1" for 127.0.0.1 at 2016-08-09 06:44:22 +0530


Started DELETE "/todo_lists/1/todo_items/5" for 127.0.0.1 at 2016-08-09 06:44:28 +0530
Processing by TodoItemsController#destroy as HTML
  Parameters: {"authenticity_token"=>"UHGFErLYGlB8Pvf7SS4gREjsNnKXMDoc2O29JiLVWEg=", "todo_list_id"=>"1", "id"=>"5"}
  [1m[36mTodoList Load (0.2ms)[0m  [1mSELECT  "todo_lists".* FROM "todo_lists"  WHERE "todo_lists"."id" = ? LIMIT 1[0m  [["id", 1]]
  [1m[35mTodoItem Load (0.2ms)[0m  SELECT  "todo_items".* FROM "todo_items"  WHERE "todo_items"."todo_list_id" = ? AND "todo_items"."id" = ? LIMIT 1  [["todo_list_id", 1], ["id", 5]]
  [1m[36m (0.1ms)[0m  [1mbegin transaction[0m
  [1m[35mSQL (0.3ms)[0m  DELETE FROM "todo_items" WHERE "todo_items"."id" = ?  [["id", 5]]
  [1m[36m (124.0ms)[0m  [1mcommit transaction[0m
Redirected to http://localhost:3000/todo_lists/1
Completed 302 Found in 130ms (ActiveRecord: 124.7ms)


Started GET "/todo_lists/1" for 127.0.0.1 at 2016-08-09 06:44:28 +0530
Processing by TodoListsController#show as HTML
  Parameters: {"id"=>"1"}
  [1m[35mTodoList Load (0.1ms)[0m  SELECT  "todo_lists".* FROM "todo_lists"  WHERE "todo_lists"."id" = ? LIMIT 1  [["id", 1]]
  [1m[36mTodoItem Load (0.1ms)[0m  [1mSELECT "todo_items".* FROM "todo_items"  WHERE "todo_items"."todo_list_id" = ?[0m  [["todo_list_id", 1]]
  Rendered todo_items/_todo_item.html.erb (0.5ms)
  Rendered todo_items/_form.html.erb (1.5ms)
  Rendered todo_lists/show.html.erb within layouts/application (4.8ms)
Completed 200 OK in 38ms (Views: 37.2ms | ActiveRecord: 0.2ms)


Started GET "/assets/application.css?body=1" for 127.0.0.1 at 2016-08-09 06:44:28 +0530


Started GET "/assets/jquery_ujs.js?body=1" for 127.0.0.1 at 2016-08-09 06:44:28 +0530


Started GET "/assets/turbolinks.js?body=1" for 127.0.0.1 at 2016-08-09 06:44:28 +0530


Started GET "/assets/application.js?body=1" for 127.0.0.1 at 2016-08-09 06:44:28 +0530


Started GET "/assets/jquery.js?body=1" for 127.0.0.1 at 2016-08-09 06:44:28 +0530


Started GET "/assets/todo_lists.js?body=1" for 127.0.0.1 at 2016-08-09 06:44:28 +0530


Started GET "/assets/todo_items.js?body=1" for 127.0.0.1 at 2016-08-09 06:44:28 +0530


Started GET "/todo_lists" for 127.0.0.1 at 2016-08-09 06:44:31 +0530
Processing by TodoListsController#index as HTML
  [1m[35mTodoList Load (0.2ms)[0m  SELECT "todo_lists".* FROM "todo_lists"
  Rendered todo_lists/index.html.erb within layouts/application (2.3ms)
Completed 200 OK in 44ms (Views: 43.2ms | ActiveRecord: 0.2ms)


Started GET "/todo_lists/new" for 127.0.0.1 at 2016-08-09 06:44:33 +0530
Processing by TodoListsController#new as HTML
  Rendered todo_lists/_form.html.erb (3.0ms)
  Rendered todo_lists/new.html.erb within layouts/application (4.4ms)
Completed 200 OK in 47ms (Views: 45.8ms | ActiveRecord: 0.0ms)


Started GET "/todo_lists" for 127.0.0.1 at 2016-08-09 06:44:37 +0530
Processing by TodoListsController#index as HTML
  [1m[36mTodoList Load (0.3ms)[0m  [1mSELECT "todo_lists".* FROM "todo_lists"[0m
  Rendered todo_lists/index.html.erb within layouts/application (1.9ms)
Completed 200 OK in 53ms (Views: 51.7ms | ActiveRecord: 0.3ms)


Started GET "/assets/application.css?body=1" for 127.0.0.1 at 2016-08-09 06:44:37 +0530


Started GET "/assets/jquery.js?body=1" for 127.0.0.1 at 2016-08-09 06:44:37 +0530


Started GET "/assets/jquery_ujs.js?body=1" for 127.0.0.1 at 2016-08-09 06:44:37 +0530


Started GET "/assets/todo_lists.js?body=1" for 127.0.0.1 at 2016-08-09 06:44:37 +0530


Started GET "/assets/turbolinks.js?body=1" for 127.0.0.1 at 2016-08-09 06:44:37 +0530


Started GET "/assets/todo_items.js?body=1" for 127.0.0.1 at 2016-08-09 06:44:37 +0530


Started GET "/assets/application.js?body=1" for 127.0.0.1 at 2016-08-09 06:44:37 +0530


Started GET "/todo_lists/new" for 127.0.0.1 at 2016-08-09 06:44:41 +0530
Processing by TodoListsController#new as HTML
  Rendered todo_lists/_form.html.erb (3.1ms)
  Rendered todo_lists/new.html.erb within layouts/application (4.5ms)
Completed 200 OK in 49ms (Views: 48.3ms | ActiveRecord: 0.0ms)


Started POST "/todo_lists" for 127.0.0.1 at 2016-08-09 06:44:45 +0530
Processing by TodoListsController#create as HTML
  Parameters: {"utf8"=>"✓", "authenticity_token"=>"UHGFErLYGlB8Pvf7SS4gREjsNnKXMDoc2O29JiLVWEg=", "todo_list"=>{"title"=>"", "description"=>""}, "commit"=>"Create Todo list"}
  [1m[35m (0.1ms)[0m  begin transaction
  [1m[36mSQL (0.2ms)[0m  [1mINSERT INTO "todo_lists" ("created_at", "description", "title", "updated_at") VALUES (?, ?, ?, ?)[0m  [["created_at", "2016-08-09 01:14:45.316861"], ["description", ""], ["title", ""], ["updated_at", "2016-08-09 01:14:45.316861"]]
  [1m[35m (146.4ms)[0m  commit transaction
Redirected to http://localhost:3000/todo_lists/2
Completed 302 Found in 151ms (ActiveRecord: 146.8ms)


Started GET "/todo_lists/2" for 127.0.0.1 at 2016-08-09 06:44:45 +0530
Processing by TodoListsController#show as HTML
  Parameters: {"id"=>"2"}
  [1m[36mTodoList Load (0.2ms)[0m  [1mSELECT  "todo_lists".* FROM "todo_lists"  WHERE "todo_lists"."id" = ? LIMIT 1[0m  [["id", 2]]
  [1m[35mTodoItem Load (0.1ms)[0m  SELECT "todo_items".* FROM "todo_items"  WHERE "todo_items"."todo_list_id" = ?  [["todo_list_id", 2]]
  Rendered collection (0.0ms)
  Rendered todo_items/_form.html.erb (2.3ms)
  Rendered todo_lists/show.html.erb within layouts/application (5.5ms)
Completed 200 OK in 48ms (Views: 46.1ms | ActiveRecord: 0.3ms)


Started GET "/assets/application.css?body=1" for 127.0.0.1 at 2016-08-09 06:44:45 +0530


Started GET "/assets/todo_lists.js?body=1" for 127.0.0.1 at 2016-08-09 06:44:45 +0530


Started GET "/assets/todo_items.js?body=1" for 127.0.0.1 at 2016-08-09 06:44:45 +0530


Started GET "/assets/jquery_ujs.js?body=1" for 127.0.0.1 at 2016-08-09 06:44:45 +0530


Started GET "/assets/turbolinks.js?body=1" for 127.0.0.1 at 2016-08-09 06:44:45 +0530


Started GET "/assets/jquery.js?body=1" for 127.0.0.1 at 2016-08-09 06:44:45 +0530


Started GET "/assets/application.js?body=1" for 127.0.0.1 at 2016-08-09 06:44:45 +0530


Started GET "/todo_lists/2/edit" for 127.0.0.1 at 2016-08-09 06:44:50 +0530
Processing by TodoListsController#edit as HTML
  Parameters: {"id"=>"2"}
  [1m[36mTodoList Load (0.2ms)[0m  [1mSELECT  "todo_lists".* FROM "todo_lists"  WHERE "todo_lists"."id" = ? LIMIT 1[0m  [["id", 2]]
  Rendered todo_lists/_form.html.erb (4.9ms)
  Rendered todo_lists/edit.html.erb within layouts/application (7.2ms)
Completed 200 OK in 55ms (Views: 52.5ms | ActiveRecord: 0.2ms)


Started GET "/todo_lists" for 127.0.0.1 at 2016-08-09 06:44:52 +0530
Processing by TodoListsController#index as HTML
  [1m[35mTodoList Load (0.3ms)[0m  SELECT "todo_lists".* FROM "todo_lists"
  Rendered todo_lists/index.html.erb within layouts/application (1.8ms)
Completed 200 OK in 48ms (Views: 46.9ms | ActiveRecord: 0.3ms)


Started GET "/" for 127.0.0.1 at 2016-08-09 06:47:41 +0530
  [1m[36mActiveRecord::SchemaMigration Load (0.1ms)[0m  [1mSELECT "schema_migrations".* FROM "schema_migrations"[0m
Processing by TodoListsController#index as HTML
  [1m[35mTodoList Load (0.2ms)[0m  SELECT "todo_lists".* FROM "todo_lists"
  Rendered todo_lists/index.html.erb within layouts/application (5.4ms)
Completed 200 OK in 60ms (Views: 48.5ms | ActiveRecord: 0.4ms)


Started GET "/assets/application.css?body=1" for 127.0.0.1 at 2016-08-09 06:47:41 +0530


Started GET "/assets/jquery.js?body=1" for 127.0.0.1 at 2016-08-09 06:47:41 +0530


Started GET "/assets/jquery_ujs.js?body=1" for 127.0.0.1 at 2016-08-09 06:47:41 +0530


Started GET "/assets/turbolinks.js?body=1" for 127.0.0.1 at 2016-08-09 06:47:41 +0530


Started GET "/assets/todo_items.js?body=1" for 127.0.0.1 at 2016-08-09 06:47:41 +0530


Started GET "/assets/todo_lists.js?body=1" for 127.0.0.1 at 2016-08-09 06:47:41 +0530


Started GET "/assets/application.js?body=1" for 127.0.0.1 at 2016-08-09 06:47:41 +0530


Started GET "/todo_lists/new" for 127.0.0.1 at 2016-08-09 06:47:44 +0530
Processing by TodoListsController#new as HTML
  Rendered todo_lists/_form.html.erb (30.1ms)
  Rendered todo_lists/new.html.erb within layouts/application (36.3ms)
Completed 200 OK in 77ms (Views: 75.5ms | ActiveRecord: 0.0ms)


Started GET "/todo_lists/1" for 127.0.0.1 at 2016-08-09 06:47:52 +0530
Processing by TodoListsController#show as HTML
  Parameters: {"id"=>"1"}
  [1m[36mTodoList Load (0.4ms)[0m  [1mSELECT  "todo_lists".* FROM "todo_lists"  WHERE "todo_lists"."id" = ? LIMIT 1[0m  [["id", 1]]
  [1m[35mTodoItem Load (0.2ms)[0m  SELECT "todo_items".* FROM "todo_items"  WHERE "todo_items"."todo_list_id" = ?  [["todo_list_id", 1]]
  Rendered todo_items/_todo_item.html.erb (2.1ms)
  Rendered todo_items/_form.html.erb (4.0ms)
  Rendered todo_lists/show.html.erb within layouts/application (40.1ms)
Completed 200 OK in 77ms (Views: 72.8ms | ActiveRecord: 1.3ms)


Started GET "/assets/application.css?body=1" for 127.0.0.1 at 2016-08-09 06:47:52 +0530


Started GET "/assets/jquery_ujs.js?body=1" for 127.0.0.1 at 2016-08-09 06:47:52 +0530


Started GET "/assets/todo_items.js?body=1" for 127.0.0.1 at 2016-08-09 06:47:52 +0530


Started GET "/assets/turbolinks.js?body=1" for 127.0.0.1 at 2016-08-09 06:47:52 +0530


Started GET "/assets/jquery.js?body=1" for 127.0.0.1 at 2016-08-09 06:47:52 +0530


Started GET "/assets/todo_lists.js?body=1" for 127.0.0.1 at 2016-08-09 06:47:52 +0530


Started GET "/assets/application.js?body=1" for 127.0.0.1 at 2016-08-09 06:47:52 +0530


Started DELETE "/todo_lists/1/todo_items/4" for 127.0.0.1 at 2016-08-09 06:47:56 +0530
Processing by TodoItemsController#destroy as HTML
  Parameters: {"authenticity_token"=>"UHGFErLYGlB8Pvf7SS4gREjsNnKXMDoc2O29JiLVWEg=", "todo_list_id"=>"1", "id"=>"4"}
  [1m[36mTodoList Load (0.3ms)[0m  [1mSELECT  "todo_lists".* FROM "todo_lists"  WHERE "todo_lists"."id" = ? LIMIT 1[0m  [["id", 1]]
  [1m[35mTodoItem Load (0.8ms)[0m  SELECT  "todo_items".* FROM "todo_items"  WHERE "todo_items"."todo_list_id" = ? AND "todo_items"."id" = ? LIMIT 1  [["todo_list_id", 1], ["id", 4]]
  [1m[36m (0.2ms)[0m  [1mbegin transaction[0m
  [1m[35mSQL (0.4ms)[0m  DELETE FROM "todo_items" WHERE "todo_items"."id" = ?  [["id", 4]]
  [1m[36m (139.8ms)[0m  [1mcommit transaction[0m
Redirected to http://localhost:3000/todo_lists/1
Completed 302 Found in 149ms (ActiveRecord: 141.5ms)


Started GET "/todo_lists/1" for 127.0.0.1 at 2016-08-09 06:47:56 +0530
Processing by TodoListsController#show as HTML
  Parameters: {"id"=>"1"}
  [1m[35mTodoList Load (0.1ms)[0m  SELECT  "todo_lists".* FROM "todo_lists"  WHERE "todo_lists"."id" = ? LIMIT 1  [["id", 1]]
  [1m[36mTodoItem Load (0.1ms)[0m  [1mSELECT "todo_items".* FROM "todo_items"  WHERE "todo_items"."todo_list_id" = ?[0m  [["todo_list_id", 1]]
  Rendered collection (0.0ms)
  Rendered todo_items/_form.html.erb (3.3ms)
  Rendered todo_lists/show.html.erb within layouts/application (6.4ms)
Completed 200 OK in 44ms (Views: 42.0ms | ActiveRecord: 0.2ms)


Started GET "/assets/application.css?body=1" for 127.0.0.1 at 2016-08-09 06:47:56 +0530


Started GET "/assets/jquery_ujs.js?body=1" for 127.0.0.1 at 2016-08-09 06:47:56 +0530


Started GET "/assets/jquery.js?body=1" for 127.0.0.1 at 2016-08-09 06:47:56 +0530


Started GET "/assets/application.js?body=1" for 127.0.0.1 at 2016-08-09 06:47:56 +0530


Started GET "/assets/turbolinks.js?body=1" for 127.0.0.1 at 2016-08-09 06:47:56 +0530


Started GET "/assets/todo_items.js?body=1" for 127.0.0.1 at 2016-08-09 06:47:56 +0530


Started GET "/assets/todo_lists.js?body=1" for 127.0.0.1 at 2016-08-09 06:47:56 +0530


Started DELETE "/todo_lists/1" for 127.0.0.1 at 2016-08-09 06:48:00 +0530
Processing by TodoListsController#destroy as HTML
  Parameters: {"authenticity_token"=>"UHGFErLYGlB8Pvf7SS4gREjsNnKXMDoc2O29JiLVWEg=", "id"=>"1"}
  [1m[35mTodoList Load (0.2ms)[0m  SELECT  "todo_lists".* FROM "todo_lists"  WHERE "todo_lists"."id" = ? LIMIT 1  [["id", 1]]
  [1m[36m (0.1ms)[0m  [1mbegin transaction[0m
  [1m[35mSQL (0.2ms)[0m  DELETE FROM "todo_lists" WHERE "todo_lists"."id" = ?  [["id", 1]]
  [1m[36m (110.7ms)[0m  [1mcommit transaction[0m
Redirected to http://localhost:3000/
Completed 302 Found in 116ms (ActiveRecord: 111.3ms)


Started GET "/" for 127.0.0.1 at 2016-08-09 06:48:00 +0530
Processing by TodoListsController#index as HTML
  [1m[35mTodoList Load (0.3ms)[0m  SELECT "todo_lists".* FROM "todo_lists"
  Rendered todo_lists/index.html.erb within layouts/application (1.3ms)
Completed 200 OK in 51ms (Views: 49.6ms | ActiveRecord: 0.3ms)


Started GET "/assets/application.css?body=1" for 127.0.0.1 at 2016-08-09 06:48:00 +0530


Started GET "/assets/jquery.js?body=1" for 127.0.0.1 at 2016-08-09 06:48:00 +0530


Started GET "/assets/turbolinks.js?body=1" for 127.0.0.1 at 2016-08-09 06:48:00 +0530


Started GET "/assets/jquery_ujs.js?body=1" for 127.0.0.1 at 2016-08-09 06:48:00 +0530


Started GET "/assets/todo_items.js?body=1" for 127.0.0.1 at 2016-08-09 06:48:00 +0530


Started GET "/assets/application.js?body=1" for 127.0.0.1 at 2016-08-09 06:48:00 +0530


Started GET "/assets/todo_lists.js?body=1" for 127.0.0.1 at 2016-08-09 06:48:00 +0530


Started GET "/todo_lists/new" for 127.0.0.1 at 2016-08-09 06:48:02 +0530
Processing by TodoListsController#new as HTML
  Rendered todo_lists/_form.html.erb (3.8ms)
  Rendered todo_lists/new.html.erb within layouts/application (5.3ms)
Completed 200 OK in 51ms (Views: 49.4ms | ActiveRecord: 0.0ms)


Started GET "/" for 127.0.0.1 at 2016-08-09 06:48:12 +0530
  [1m[36mActiveRecord::SchemaMigration Load (0.1ms)[0m  [1mSELECT "schema_migrations".* FROM "schema_migrations"[0m
Processing by TodoListsController#index as HTML
  [1m[35mTodoList Load (0.1ms)[0m  SELECT "todo_lists".* FROM "todo_lists"
  Rendered todo_lists/index.html.erb within layouts/application (6.8ms)
Completed 200 OK in 59ms (Views: 48.2ms | ActiveRecord: 0.4ms)


Started GET "/assets/application.css?body=1" for 127.0.0.1 at 2016-08-09 06:48:12 +0530


Started GET "/assets/jquery.js?body=1" for 127.0.0.1 at 2016-08-09 06:48:12 +0530


Started GET "/assets/jquery_ujs.js?body=1" for 127.0.0.1 at 2016-08-09 06:48:12 +0530


Started GET "/assets/turbolinks.js?body=1" for 127.0.0.1 at 2016-08-09 06:48:12 +0530


Started GET "/assets/todo_items.js?body=1" for 127.0.0.1 at 2016-08-09 06:48:12 +0530


Started GET "/assets/todo_lists.js?body=1" for 127.0.0.1 at 2016-08-09 06:48:12 +0530


Started GET "/assets/application.js?body=1" for 127.0.0.1 at 2016-08-09 06:48:12 +0530


Started GET "/" for 127.0.0.1 at 2016-08-09 13:24:22 +0530
  [1m[36mActiveRecord::SchemaMigration Load (0.2ms)[0m  [1mSELECT "schema_migrations".* FROM "schema_migrations"[0m
Processing by TodoListsController#index as HTML
  [1m[35mTodoList Load (0.3ms)[0m  SELECT "todo_lists".* FROM "todo_lists"
  Rendered todo_lists/index.html.erb within layouts/application (12.3ms)
Completed 200 OK in 372ms (Views: 335.6ms | ActiveRecord: 0.9ms)


Started GET "/" for 127.0.0.1 at 2016-08-09 13:24:22 +0530
Processing by TodoListsController#index as HTML
  [1m[36mTodoList Load (0.2ms)[0m  [1mSELECT "todo_lists".* FROM "todo_lists"[0m
  Rendered todo_lists/index.html.erb within layouts/application (1.1ms)
Completed 200 OK in 35ms (Views: 34.7ms | ActiveRecord: 0.2ms)


Started GET "/assets/jquery.js?body=1" for 127.0.0.1 at 2016-08-09 13:24:23 +0530


Started GET "/assets/application.css?body=1" for 127.0.0.1 at 2016-08-09 13:24:23 +0530


Started GET "/assets/jquery_ujs.js?body=1" for 127.0.0.1 at 2016-08-09 13:24:23 +0530


Started GET "/assets/todo_lists.js?body=1" for 127.0.0.1 at 2016-08-09 13:24:23 +0530


Started GET "/assets/todo_items.js?body=1" for 127.0.0.1 at 2016-08-09 13:24:23 +0530


Started GET "/assets/turbolinks.js?body=1" for 127.0.0.1 at 2016-08-09 13:24:23 +0530


Started GET "/assets/application.js?body=1" for 127.0.0.1 at 2016-08-09 13:24:23 +0530


Started GET "/todo_lists/new" for 127.0.0.1 at 2016-08-09 13:24:24 +0530
Processing by TodoListsController#new as HTML
  Rendered todo_lists/_form.html.erb (94.1ms)
  Rendered todo_lists/new.html.erb within layouts/application (114.3ms)
Completed 200 OK in 200ms (Views: 198.9ms | ActiveRecord: 0.0ms)


Started POST "/todo_lists" for 127.0.0.1 at 2016-08-09 13:25:51 +0530
Processing by TodoListsController#create as HTML
  Parameters: {"utf8"=>"✓", "authenticity_token"=>"qu5ks4thdjwgd0tthvY9EPCaFGPstzLgBV7wF+vpJ5c=", "todo_list"=>{"title"=>"12 in 12 :week 6 ", "description"=>"stuff i need to do for week 6"}, "commit"=>"Create Todo list"}
  [1m[35m (0.1ms)[0m  begin transaction
  [1m[36mSQL (0.4ms)[0m  [1mINSERT INTO "todo_lists" ("created_at", "description", "title", "updated_at") VALUES (?, ?, ?, ?)[0m  [["created_at", "2016-08-09 07:55:51.858510"], ["description", "stuff i need to do for week 6"], ["title", "12 in 12 :week 6 "], ["updated_at", "2016-08-09 07:55:51.858510"]]
  [1m[35m (137.0ms)[0m  commit transaction
Redirected to http://localhost:3000/todo_lists/3
Completed 302 Found in 219ms (ActiveRecord: 137.5ms)


Started GET "/todo_lists/3" for 127.0.0.1 at 2016-08-09 13:25:52 +0530
Processing by TodoListsController#show as HTML
  Parameters: {"id"=>"3"}
  [1m[36mTodoList Load (0.3ms)[0m  [1mSELECT  "todo_lists".* FROM "todo_lists"  WHERE "todo_lists"."id" = ? LIMIT 1[0m  [["id", 3]]
  [1m[35mTodoItem Load (0.3ms)[0m  SELECT "todo_items".* FROM "todo_items"  WHERE "todo_items"."todo_list_id" = ?  [["todo_list_id", 3]]
  Rendered collection (0.0ms)
  Rendered todo_items/_form.html.erb (26.4ms)
  Rendered todo_lists/show.html.erb within layouts/application (85.1ms)
Completed 200 OK in 142ms (Views: 138.4ms | ActiveRecord: 1.2ms)


Started GET "/assets/application.css?body=1" for 127.0.0.1 at 2016-08-09 13:25:52 +0530


Started GET "/assets/jquery.js?body=1" for 127.0.0.1 at 2016-08-09 13:25:52 +0530


Started GET "/assets/turbolinks.js?body=1" for 127.0.0.1 at 2016-08-09 13:25:52 +0530


Started GET "/assets/jquery_ujs.js?body=1" for 127.0.0.1 at 2016-08-09 13:25:52 +0530


Started GET "/assets/todo_lists.js?body=1" for 127.0.0.1 at 2016-08-09 13:25:52 +0530


Started GET "/assets/todo_items.js?body=1" for 127.0.0.1 at 2016-08-09 13:25:52 +0530


Started GET "/assets/application.js?body=1" for 127.0.0.1 at 2016-08-09 13:25:52 +0530


Started POST "/todo_lists/3/todo_items" for 127.0.0.1 at 2016-08-09 13:26:12 +0530
Processing by TodoItemsController#create as HTML
  Parameters: {"utf8"=>"✓", "authenticity_token"=>"qu5ks4thdjwgd0tthvY9EPCaFGPstzLgBV7wF+vpJ5c=", "todo_item"=>{"content"=>"another one"}, "commit"=>"Create Todo item", "todo_list_id"=>"3"}
  [1m[36mTodoList Load (0.2ms)[0m  [1mSELECT  "todo_lists".* FROM "todo_lists"  WHERE "todo_lists"."id" = ? LIMIT 1[0m  [["id", 3]]
  [1m[35m (0.2ms)[0m  begin transaction
  [1m[36mSQL (0.5ms)[0m  [1mINSERT INTO "todo_items" ("content", "created_at", "todo_list_id", "updated_at") VALUES (?, ?, ?, ?)[0m  [["content", "another one"], ["created_at", "2016-08-09 07:56:12.885366"], ["todo_list_id", 3], ["updated_at", "2016-08-09 07:56:12.885366"]]
  [1m[35m (180.4ms)[0m  commit transaction
Redirected to http://localhost:3000/todo_lists/3
Completed 302 Found in 188ms (ActiveRecord: 181.2ms)


Started GET "/todo_lists/3" for 127.0.0.1 at 2016-08-09 13:26:13 +0530
Processing by TodoListsController#show as HTML
  Parameters: {"id"=>"3"}
  [1m[36mTodoList Load (0.2ms)[0m  [1mSELECT  "todo_lists".* FROM "todo_lists"  WHERE "todo_lists"."id" = ? LIMIT 1[0m  [["id", 3]]
  [1m[35mTodoItem Load (0.2ms)[0m  SELECT "todo_items".* FROM "todo_items"  WHERE "todo_items"."todo_list_id" = ?  [["todo_list_id", 3]]
  Rendered todo_items/_todo_item.html.erb (2.3ms)
  Rendered todo_items/_form.html.erb (2.9ms)
  Rendered todo_lists/show.html.erb within layouts/application (18.5ms)
Completed 200 OK in 62ms (Views: 60.1ms | ActiveRecord: 0.4ms)


Started GET "/assets/application.css?body=1" for 127.0.0.1 at 2016-08-09 13:26:13 +0530


Started GET "/assets/jquery.js?body=1" for 127.0.0.1 at 2016-08-09 13:26:13 +0530


Started GET "/assets/jquery_ujs.js?body=1" for 127.0.0.1 at 2016-08-09 13:26:13 +0530


Started GET "/assets/turbolinks.js?body=1" for 127.0.0.1 at 2016-08-09 13:26:13 +0530


Started GET "/assets/todo_items.js?body=1" for 127.0.0.1 at 2016-08-09 13:26:13 +0530


Started GET "/assets/todo_lists.js?body=1" for 127.0.0.1 at 2016-08-09 13:26:13 +0530


Started GET "/assets/application.js?body=1" for 127.0.0.1 at 2016-08-09 13:26:13 +0530


Started PATCH "/todo_lists/3/todo_items/6/complete" for 127.0.0.1 at 2016-08-09 13:26:16 +0530
Processing by TodoItemsController#complete as HTML
  Parameters: {"authenticity_token"=>"qu5ks4thdjwgd0tthvY9EPCaFGPstzLgBV7wF+vpJ5c=", "todo_list_id"=>"3", "id"=>"6"}
  [1m[36mTodoList Load (0.1ms)[0m  [1mSELECT  "todo_lists".* FROM "todo_lists"  WHERE "todo_lists"."id" = ? LIMIT 1[0m  [["id", 3]]
  [1m[35mTodoItem Load (0.2ms)[0m  SELECT  "todo_items".* FROM "todo_items"  WHERE "todo_items"."todo_list_id" = ? AND "todo_items"."id" = ? LIMIT 1  [["todo_list_id", 3], ["id", 6]]
  [1m[36m (0.1ms)[0m  [1mbegin transaction[0m
  [1m[35mSQL (0.3ms)[0m  UPDATE "todo_items" SET "completed_at" = ?, "updated_at" = ? WHERE "todo_items"."id" = 6  [["completed_at", "2016-08-09 07:56:16.903420"], ["updated_at", "2016-08-09 07:56:16.903751"]]
  [1m[36m (130.3ms)[0m  [1mcommit transaction[0m
Redirected to http://localhost:3000/todo_lists/3
Completed 302 Found in 136ms (ActiveRecord: 130.9ms)


Started GET "/todo_lists/3" for 127.0.0.1 at 2016-08-09 13:26:17 +0530
Processing by TodoListsController#show as HTML
  Parameters: {"id"=>"3"}
  [1m[35mTodoList Load (0.2ms)[0m  SELECT  "todo_lists".* FROM "todo_lists"  WHERE "todo_lists"."id" = ? LIMIT 1  [["id", 3]]
  [1m[36mTodoItem Load (0.1ms)[0m  [1mSELECT "todo_items".* FROM "todo_items"  WHERE "todo_items"."todo_list_id" = ?[0m  [["todo_list_id", 3]]
  Rendered todo_items/_todo_item.html.erb (0.8ms)
  Rendered todo_items/_form.html.erb (2.3ms)
  Rendered todo_lists/show.html.erb within layouts/application (6.7ms)
Completed 200 OK in 48ms (Views: 46.1ms | ActiveRecord: 0.3ms)


Started GET "/assets/application.css?body=1" for 127.0.0.1 at 2016-08-09 13:26:17 +0530


Started GET "/assets/jquery.js?body=1" for 127.0.0.1 at 2016-08-09 13:26:17 +0530


Started GET "/assets/jquery_ujs.js?body=1" for 127.0.0.1 at 2016-08-09 13:26:17 +0530


Started GET "/assets/todo_items.js?body=1" for 127.0.0.1 at 2016-08-09 13:26:17 +0530


Started GET "/assets/todo_lists.js?body=1" for 127.0.0.1 at 2016-08-09 13:26:17 +0530


Started GET "/assets/application.js?body=1" for 127.0.0.1 at 2016-08-09 13:26:17 +0530


Started GET "/assets/turbolinks.js?body=1" for 127.0.0.1 at 2016-08-09 13:26:17 +0530


Started PATCH "/todo_lists/3/todo_items/6/complete" for 127.0.0.1 at 2016-08-09 13:26:18 +0530
Processing by TodoItemsController#complete as HTML
  Parameters: {"authenticity_token"=>"qu5ks4thdjwgd0tthvY9EPCaFGPstzLgBV7wF+vpJ5c=", "todo_list_id"=>"3", "id"=>"6"}
  [1m[35mTodoList Load (0.1ms)[0m  SELECT  "todo_lists".* FROM "todo_lists"  WHERE "todo_lists"."id" = ? LIMIT 1  [["id", 3]]
  [1m[36mTodoItem Load (0.1ms)[0m  [1mSELECT  "todo_items".* FROM "todo_items"  WHERE "todo_items"."todo_list_id" = ? AND "todo_items"."id" = ? LIMIT 1[0m  [["todo_list_id", 3], ["id", 6]]
  [1m[35m (0.1ms)[0m  begin transaction
  [1m[36mSQL (0.2ms)[0m  [1mUPDATE "todo_items" SET "completed_at" = ?, "updated_at" = ? WHERE "todo_items"."id" = 6[0m  [["completed_at", "2016-08-09 07:56:18.781812"], ["updated_at", "2016-08-09 07:56:18.782488"]]
  [1m[35m (141.9ms)[0m  commit transaction
Redirected to http://localhost:3000/todo_lists/3
Completed 302 Found in 147ms (ActiveRecord: 142.4ms)


Started GET "/todo_lists/3" for 127.0.0.1 at 2016-08-09 13:26:18 +0530
Processing by TodoListsController#show as HTML
  Parameters: {"id"=>"3"}
  [1m[36mTodoList Load (0.2ms)[0m  [1mSELECT  "todo_lists".* FROM "todo_lists"  WHERE "todo_lists"."id" = ? LIMIT 1[0m  [["id", 3]]
  [1m[35mTodoItem Load (0.2ms)[0m  SELECT "todo_items".* FROM "todo_items"  WHERE "todo_items"."todo_list_id" = ?  [["todo_list_id", 3]]
  Rendered todo_items/_todo_item.html.erb (1.2ms)
  Rendered todo_items/_form.html.erb (2.2ms)
  Rendered todo_lists/show.html.erb within layouts/application (7.1ms)
Completed 200 OK in 49ms (Views: 47.3ms | ActiveRecord: 0.4ms)


Started GET "/assets/jquery.js?body=1" for 127.0.0.1 at 2016-08-09 13:26:19 +0530


Started GET "/assets/todo_items.js?body=1" for 127.0.0.1 at 2016-08-09 13:26:19 +0530


Started GET "/assets/turbolinks.js?body=1" for 127.0.0.1 at 2016-08-09 13:26:19 +0530


Started GET "/assets/jquery_ujs.js?body=1" for 127.0.0.1 at 2016-08-09 13:26:19 +0530


Started GET "/assets/application.js?body=1" for 127.0.0.1 at 2016-08-09 13:26:19 +0530


Started GET "/assets/todo_lists.js?body=1" for 127.0.0.1 at 2016-08-09 13:26:19 +0530


Started GET "/assets/application.css?body=1" for 127.0.0.1 at 2016-08-09 13:26:19 +0530


Started POST "/todo_lists/3/todo_items" for 127.0.0.1 at 2016-08-09 13:26:35 +0530
Processing by TodoItemsController#create as HTML
  Parameters: {"utf8"=>"✓", "authenticity_token"=>"qu5ks4thdjwgd0tthvY9EPCaFGPstzLgBV7wF+vpJ5c=", "todo_item"=>{"content"=>"rails"}, "commit"=>"Create Todo item", "todo_list_id"=>"3"}
  [1m[36mTodoList Load (0.1ms)[0m  [1mSELECT  "todo_lists".* FROM "todo_lists"  WHERE "todo_lists"."id" = ? LIMIT 1[0m  [["id", 3]]
  [1m[35m (0.1ms)[0m  begin transaction
  [1m[36mSQL (0.3ms)[0m  [1mINSERT INTO "todo_items" ("content", "created_at", "todo_list_id", "updated_at") VALUES (?, ?, ?, ?)[0m  [["content", "rails"], ["created_at", "2016-08-09 07:56:35.157909"], ["todo_list_id", 3], ["updated_at", "2016-08-09 07:56:35.157909"]]
  [1m[35m (194.9ms)[0m  commit transaction
Redirected to http://localhost:3000/todo_lists/3
Completed 302 Found in 201ms (ActiveRecord: 195.4ms)


Started GET "/todo_lists/3" for 127.0.0.1 at 2016-08-09 13:26:35 +0530
Processing by TodoListsController#show as HTML
  Parameters: {"id"=>"3"}
  [1m[36mTodoList Load (0.2ms)[0m  [1mSELECT  "todo_lists".* FROM "todo_lists"  WHERE "todo_lists"."id" = ? LIMIT 1[0m  [["id", 3]]
  [1m[35mTodoItem Load (0.1ms)[0m  SELECT "todo_items".* FROM "todo_items"  WHERE "todo_items"."todo_list_id" = ?  [["todo_list_id", 3]]
  Rendered todo_items/_todo_item.html.erb (1.2ms)
  Rendered todo_items/_form.html.erb (2.2ms)
  Rendered todo_lists/show.html.erb within layouts/application (7.4ms)
Completed 200 OK in 48ms (Views: 45.9ms | ActiveRecord: 0.3ms)


Started GET "/assets/application.css?body=1" for 127.0.0.1 at 2016-08-09 13:26:35 +0530


Started GET "/assets/jquery_ujs.js?body=1" for 127.0.0.1 at 2016-08-09 13:26:35 +0530


Started GET "/assets/turbolinks.js?body=1" for 127.0.0.1 at 2016-08-09 13:26:35 +0530


Started GET "/assets/todo_lists.js?body=1" for 127.0.0.1 at 2016-08-09 13:26:35 +0530


Started GET "/assets/application.js?body=1" for 127.0.0.1 at 2016-08-09 13:26:35 +0530


Started GET "/assets/jquery.js?body=1" for 127.0.0.1 at 2016-08-09 13:26:35 +0530


Started GET "/assets/todo_items.js?body=1" for 127.0.0.1 at 2016-08-09 13:26:35 +0530


Started GET "/todo_lists" for 127.0.0.1 at 2016-08-09 13:26:53 +0530
Processing by TodoListsController#index as HTML
  [1m[36mTodoList Load (0.2ms)[0m  [1mSELECT "todo_lists".* FROM "todo_lists"[0m
  Rendered todo_lists/index.html.erb within layouts/application (2.1ms)
Completed 200 OK in 46ms (Views: 45.0ms | ActiveRecord: 0.2ms)


Started GET "/todo_lists/new" for 127.0.0.1 at 2016-08-09 13:27:00 +0530
Processing by TodoListsController#new as HTML
  Rendered todo_lists/_form.html.erb (2.8ms)
  Rendered todo_lists/new.html.erb within layouts/application (4.0ms)
Completed 200 OK in 35ms (Views: 34.3ms | ActiveRecord: 0.0ms)


Started GET "/todo_lists" for 127.0.0.1 at 2016-08-09 13:27:11 +0530
Processing by TodoListsController#index as HTML
  [1m[35mTodoList Load (0.2ms)[0m  SELECT "todo_lists".* FROM "todo_lists"
  Rendered todo_lists/index.html.erb within layouts/application (1.4ms)
Completed 200 OK in 44ms (Views: 43.1ms | ActiveRecord: 0.2ms)


Started GET "/todo_lists/3" for 127.0.0.1 at 2016-08-09 13:27:12 +0530
Processing by TodoListsController#show as HTML
  Parameters: {"id"=>"3"}
  [1m[36mTodoList Load (0.2ms)[0m  [1mSELECT  "todo_lists".* FROM "todo_lists"  WHERE "todo_lists"."id" = ? LIMIT 1[0m  [["id", 3]]
  [1m[35mTodoItem Load (0.1ms)[0m  SELECT "todo_items".* FROM "todo_items"  WHERE "todo_items"."todo_list_id" = ?  [["todo_list_id", 3]]
  Rendered todo_items/_todo_item.html.erb (2.3ms)
  Rendered todo_items/_form.html.erb (2.5ms)
  Rendered todo_lists/show.html.erb within layouts/application (9.1ms)
Completed 200 OK in 46ms (Views: 44.1ms | ActiveRecord: 0.3ms)


Started GET "/todo_lists/3/edit" for 127.0.0.1 at 2016-08-09 13:27:44 +0530
Processing by TodoListsController#edit as HTML
  Parameters: {"id"=>"3"}
  [1m[36mTodoList Load (0.2ms)[0m  [1mSELECT  "todo_lists".* FROM "todo_lists"  WHERE "todo_lists"."id" = ? LIMIT 1[0m  [["id", 3]]
  Rendered todo_lists/_form.html.erb (2.9ms)
  Rendered todo_lists/edit.html.erb within layouts/application (4.8ms)
Completed 200 OK in 60ms (Views: 58.5ms | ActiveRecord: 0.2ms)


Started GET "/todo_lists" for 127.0.0.1 at 2016-08-09 13:27:57 +0530
Processing by TodoListsController#index as HTML
  [1m[35mTodoList Load (0.3ms)[0m  SELECT "todo_lists".* FROM "todo_lists"
  Rendered todo_lists/index.html.erb within layouts/application (1.6ms)
Completed 200 OK in 51ms (Views: 49.6ms | ActiveRecord: 0.3ms)


Started GET "/todo_lists/3" for 127.0.0.1 at 2016-08-09 13:27:59 +0530
Processing by TodoListsController#show as HTML
  Parameters: {"id"=>"3"}
  [1m[36mTodoList Load (0.2ms)[0m  [1mSELECT  "todo_lists".* FROM "todo_lists"  WHERE "todo_lists"."id" = ? LIMIT 1[0m  [["id", 3]]
  [1m[35mTodoItem Load (0.1ms)[0m  SELECT "todo_items".* FROM "todo_items"  WHERE "todo_items"."todo_list_id" = ?  [["todo_list_id", 3]]
  Rendered todo_items/_todo_item.html.erb (1.2ms)
  Rendered todo_items/_form.html.erb (1.9ms)
  Rendered todo_lists/show.html.erb within layouts/application (6.8ms)
Completed 200 OK in 46ms (Views: 44.1ms | ActiveRecord: 0.3ms)


Started POST "/todo_lists/3/todo_items" for 127.0.0.1 at 2016-08-09 13:28:07 +0530
Processing by TodoItemsController#create as HTML
  Parameters: {"utf8"=>"✓", "authenticity_token"=>"qu5ks4thdjwgd0tthvY9EPCaFGPstzLgBV7wF+vpJ5c=", "todo_item"=>{"content"=>"python"}, "commit"=>"Create Todo item", "todo_list_id"=>"3"}
  [1m[36mTodoList Load (0.2ms)[0m  [1mSELECT  "todo_lists".* FROM "todo_lists"  WHERE "todo_lists"."id" = ? LIMIT 1[0m  [["id", 3]]
  [1m[35m (0.1ms)[0m  begin transaction
  [1m[36mSQL (0.2ms)[0m  [1mINSERT INTO "todo_items" ("content", "created_at", "todo_list_id", "updated_at") VALUES (?, ?, ?, ?)[0m  [["content", "python"], ["created_at", "2016-08-09 07:58:07.247413"], ["todo_list_id", 3], ["updated_at", "2016-08-09 07:58:07.247413"]]
  [1m[35m (171.4ms)[0m  commit transaction
Redirected to http://localhost:3000/todo_lists/3
Completed 302 Found in 178ms (ActiveRecord: 171.9ms)


Started GET "/todo_lists/3" for 127.0.0.1 at 2016-08-09 13:28:07 +0530
Processing by TodoListsController#show as HTML
  Parameters: {"id"=>"3"}
  [1m[36mTodoList Load (0.2ms)[0m  [1mSELECT  "todo_lists".* FROM "todo_lists"  WHERE "todo_lists"."id" = ? LIMIT 1[0m  [["id", 3]]
  [1m[35mTodoItem Load (0.2ms)[0m  SELECT "todo_items".* FROM "todo_items"  WHERE "todo_items"."todo_list_id" = ?  [["todo_list_id", 3]]
  Rendered todo_items/_todo_item.html.erb (2.1ms)
  Rendered todo_items/_form.html.erb (2.1ms)
  Rendered todo_lists/show.html.erb within layouts/application (8.3ms)
Completed 200 OK in 54ms (Views: 52.2ms | ActiveRecord: 0.3ms)


Started GET "/assets/application.css?body=1" for 127.0.0.1 at 2016-08-09 13:28:07 +0530


Started GET "/assets/jquery.js?body=1" for 127.0.0.1 at 2016-08-09 13:28:07 +0530


Started GET "/assets/jquery_ujs.js?body=1" for 127.0.0.1 at 2016-08-09 13:28:07 +0530


Started GET "/assets/todo_items.js?body=1" for 127.0.0.1 at 2016-08-09 13:28:07 +0530


Started GET "/assets/turbolinks.js?body=1" for 127.0.0.1 at 2016-08-09 13:28:07 +0530


Started GET "/assets/todo_lists.js?body=1" for 127.0.0.1 at 2016-08-09 13:28:07 +0530


Started GET "/assets/application.js?body=1" for 127.0.0.1 at 2016-08-09 13:28:07 +0530


Started POST "/todo_lists/3/todo_items" for 127.0.0.1 at 2016-08-09 13:28:14 +0530
Processing by TodoItemsController#create as HTML
  Parameters: {"utf8"=>"✓", "authenticity_token"=>"qu5ks4thdjwgd0tthvY9EPCaFGPstzLgBV7wF+vpJ5c=", "todo_item"=>{"content"=>"nodejs"}, "commit"=>"Create Todo item", "todo_list_id"=>"3"}
  [1m[36mTodoList Load (0.2ms)[0m  [1mSELECT  "todo_lists".* FROM "todo_lists"  WHERE "todo_lists"."id" = ? LIMIT 1[0m  [["id", 3]]
  [1m[35m (0.1ms)[0m  begin transaction
  [1m[36mSQL (0.3ms)[0m  [1mINSERT INTO "todo_items" ("content", "created_at", "todo_list_id", "updated_at") VALUES (?, ?, ?, ?)[0m  [["content", "nodejs"], ["created_at", "2016-08-09 07:58:14.572024"], ["todo_list_id", 3], ["updated_at", "2016-08-09 07:58:14.572024"]]
  [1m[35m (226.9ms)[0m  commit transaction
Redirected to http://localhost:3000/todo_lists/3
Completed 302 Found in 234ms (ActiveRecord: 227.4ms)


Started GET "/todo_lists/3" for 127.0.0.1 at 2016-08-09 13:28:14 +0530
Processing by TodoListsController#show as HTML
  Parameters: {"id"=>"3"}
  [1m[36mTodoList Load (0.2ms)[0m  [1mSELECT  "todo_lists".* FROM "todo_lists"  WHERE "todo_lists"."id" = ? LIMIT 1[0m  [["id", 3]]
  [1m[35mTodoItem Load (0.1ms)[0m  SELECT "todo_items".* FROM "todo_items"  WHERE "todo_items"."todo_list_id" = ?  [["todo_list_id", 3]]
  Rendered todo_items/_todo_item.html.erb (2.4ms)
  Rendered todo_items/_form.html.erb (1.9ms)
  Rendered todo_lists/show.html.erb within layouts/application (8.0ms)
Completed 200 OK in 49ms (Views: 47.2ms | ActiveRecord: 0.3ms)


Started GET "/assets/application.css?body=1" for 127.0.0.1 at 2016-08-09 13:28:14 +0530


Started GET "/assets/jquery.js?body=1" for 127.0.0.1 at 2016-08-09 13:28:14 +0530


Started GET "/assets/jquery_ujs.js?body=1" for 127.0.0.1 at 2016-08-09 13:28:14 +0530


Started GET "/assets/todo_items.js?body=1" for 127.0.0.1 at 2016-08-09 13:28:14 +0530


Started GET "/assets/turbolinks.js?body=1" for 127.0.0.1 at 2016-08-09 13:28:15 +0530


Started GET "/assets/todo_lists.js?body=1" for 127.0.0.1 at 2016-08-09 13:28:15 +0530


Started GET "/assets/application.js?body=1" for 127.0.0.1 at 2016-08-09 13:28:15 +0530


Started GET "/" for 127.0.0.1 at 2016-08-09 14:27:51 +0530
  [1m[36mActiveRecord::SchemaMigration Load (0.1ms)[0m  [1mSELECT "schema_migrations".* FROM "schema_migrations"[0m
Processing by TodoListsController#index as HTML
  [1m[35mTodoList Load (0.3ms)[0m  SELECT "todo_lists".* FROM "todo_lists"
  Rendered todo_lists/index.html.erb within layouts/application (11.7ms)
Completed 200 OK in 502ms (Views: 428.9ms | ActiveRecord: 0.9ms)


Started GET "/" for 127.0.0.1 at 2016-08-09 14:27:52 +0530
Processing by TodoListsController#index as HTML
  [1m[36mTodoList Load (0.2ms)[0m  [1mSELECT "todo_lists".* FROM "todo_lists"[0m
  Rendered todo_lists/index.html.erb within layouts/application (1.7ms)
Completed 200 OK in 39ms (Views: 37.9ms | ActiveRecord: 0.2ms)


Started GET "/assets/turbolinks.js?body=1" for 127.0.0.1 at 2016-08-09 14:27:52 +0530


Started GET "/assets/application.js?body=1" for 127.0.0.1 at 2016-08-09 14:27:52 +0530


Started GET "/assets/todo_lists.js?body=1" for 127.0.0.1 at 2016-08-09 14:27:52 +0530


Started GET "/assets/jquery.js?body=1" for 127.0.0.1 at 2016-08-09 14:27:52 +0530


Started GET "/assets/application.css?body=1" for 127.0.0.1 at 2016-08-09 14:27:52 +0530


Started GET "/assets/todo_items.js?body=1" for 127.0.0.1 at 2016-08-09 14:27:52 +0530


Started GET "/assets/jquery_ujs.js?body=1" for 127.0.0.1 at 2016-08-09 14:27:52 +0530


Started GET "/todo_lists/new" for 127.0.0.1 at 2016-08-09 14:27:55 +0530
Processing by TodoListsController#new as HTML
  Rendered todo_lists/_form.html.erb (82.7ms)
  Rendered todo_lists/new.html.erb within layouts/application (101.2ms)
Completed 200 OK in 142ms (Views: 140.9ms | ActiveRecord: 0.0ms)


Started GET "/assets/jquery.js?body=1" for 127.0.0.1 at 2016-08-09 14:27:56 +0530


Started GET "/assets/jquery_ujs.js?body=1" for 127.0.0.1 at 2016-08-09 14:27:56 +0530


Started GET "/assets/turbolinks.js?body=1" for 127.0.0.1 at 2016-08-09 14:27:56 +0530


Started GET "/assets/todo_items.js?body=1" for 127.0.0.1 at 2016-08-09 14:27:56 +0530


Started GET "/assets/todo_lists.js?body=1" for 127.0.0.1 at 2016-08-09 14:27:56 +0530


Started GET "/assets/application.js?body=1" for 127.0.0.1 at 2016-08-09 14:27:56 +0530


Started GET "/assets/application.css?body=1" for 127.0.0.1 at 2016-08-09 14:27:56 +0530


Started GET "/todo_lists" for 127.0.0.1 at 2016-08-09 14:27:58 +0530
Processing by TodoListsController#index as HTML
  [1m[35mTodoList Load (0.3ms)[0m  SELECT "todo_lists".* FROM "todo_lists"
  Rendered todo_lists/index.html.erb within layouts/application (1.2ms)
Completed 200 OK in 27ms (Views: 26.4ms | ActiveRecord: 0.3ms)


Started GET "/assets/application.css?body=1" for 127.0.0.1 at 2016-08-09 14:27:59 +0530


Started GET "/assets/jquery.js?body=1" for 127.0.0.1 at 2016-08-09 14:27:59 +0530


Started GET "/assets/jquery_ujs.js?body=1" for 127.0.0.1 at 2016-08-09 14:27:59 +0530


Started GET "/assets/turbolinks.js?body=1" for 127.0.0.1 at 2016-08-09 14:27:59 +0530


Started GET "/assets/todo_items.js?body=1" for 127.0.0.1 at 2016-08-09 14:27:59 +0530


Started GET "/assets/todo_lists.js?body=1" for 127.0.0.1 at 2016-08-09 14:27:59 +0530


Started GET "/assets/application.js?body=1" for 127.0.0.1 at 2016-08-09 14:27:59 +0530


Started GET "/todo_lists/3" for 127.0.0.1 at 2016-08-09 14:28:03 +0530
Processing by TodoListsController#show as HTML
  Parameters: {"id"=>"3"}
  [1m[36mTodoList Load (0.5ms)[0m  [1mSELECT  "todo_lists".* FROM "todo_lists"  WHERE "todo_lists"."id" = ? LIMIT 1[0m  [["id", 3]]
  [1m[35mTodoItem Load (0.2ms)[0m  SELECT "todo_items".* FROM "todo_items"  WHERE "todo_items"."todo_list_id" = ?  [["todo_list_id", 3]]
  Rendered todo_items/_todo_item.html.erb (2.9ms)
  Rendered todo_items/_form.html.erb (12.1ms)
  Rendered todo_lists/show.html.erb within layouts/application (97.0ms)
Completed 200 OK in 165ms (Views: 157.6ms | ActiveRecord: 1.0ms)


Started GET "/assets/application.css?body=1" for 127.0.0.1 at 2016-08-09 14:28:03 +0530


Started GET "/assets/jquery.js?body=1" for 127.0.0.1 at 2016-08-09 14:28:03 +0530


Started GET "/assets/turbolinks.js?body=1" for 127.0.0.1 at 2016-08-09 14:28:03 +0530


Started GET "/assets/jquery_ujs.js?body=1" for 127.0.0.1 at 2016-08-09 14:28:03 +0530


Started GET "/assets/application.js?body=1" for 127.0.0.1 at 2016-08-09 14:28:03 +0530


Started GET "/assets/todo_lists.js?body=1" for 127.0.0.1 at 2016-08-09 14:28:03 +0530


Started GET "/assets/todo_items.js?body=1" for 127.0.0.1 at 2016-08-09 14:28:03 +0530


Started GET "/" for 127.0.0.1 at 2016-08-09 14:32:59 +0530
  [1m[36mActiveRecord::SchemaMigration Load (0.1ms)[0m  [1mSELECT "schema_migrations".* FROM "schema_migrations"[0m
Processing by TodoListsController#index as HTML
  [1m[35mTodoList Load (0.2ms)[0m  SELECT "todo_lists".* FROM "todo_lists"
  Rendered todo_lists/index.html.erb within layouts/application (7.5ms)
Completed 200 OK in 162ms (Views: 131.2ms | ActiveRecord: 0.5ms)


Started GET "/assets/application.css?body=1" for 127.0.0.1 at 2016-08-09 14:32:59 +0530


Started GET "/assets/jquery.js?body=1" for 127.0.0.1 at 2016-08-09 14:32:59 +0530


Started GET "/assets/jquery_ujs.js?body=1" for 127.0.0.1 at 2016-08-09 14:32:59 +0530


Started GET "/assets/turbolinks.js?body=1" for 127.0.0.1 at 2016-08-09 14:32:59 +0530


Started GET "/assets/todo_items.js?body=1" for 127.0.0.1 at 2016-08-09 14:32:59 +0530


Started GET "/assets/todo_lists.js?body=1" for 127.0.0.1 at 2016-08-09 14:32:59 +0530


Started GET "/assets/application.js?body=1" for 127.0.0.1 at 2016-08-09 14:32:59 +0530


Started GET "/" for 127.0.0.1 at 2016-08-09 15:17:04 +0530
  [1m[36mActiveRecord::SchemaMigration Load (0.2ms)[0m  [1mSELECT "schema_migrations".* FROM "schema_migrations"[0m
Processing by TodoListsController#index as HTML
  [1m[35mTodoList Load (0.3ms)[0m  SELECT "todo_lists".* FROM "todo_lists"
  Rendered todo_lists/index.html.erb within layouts/application (12.4ms)
Completed 200 OK in 130ms (Views: 105.0ms | ActiveRecord: 0.9ms)


Started GET "/assets/application.css?body=1" for 127.0.0.1 at 2016-08-09 15:17:04 +0530


Started GET "/assets/jquery.js?body=1" for 127.0.0.1 at 2016-08-09 15:17:04 +0530


Started GET "/assets/jquery_ujs.js?body=1" for 127.0.0.1 at 2016-08-09 15:17:04 +0530


Started GET "/assets/turbolinks.js?body=1" for 127.0.0.1 at 2016-08-09 15:17:04 +0530


Started GET "/assets/todo_items.js?body=1" for 127.0.0.1 at 2016-08-09 15:17:05 +0530


Started GET "/assets/todo_lists.js?body=1" for 127.0.0.1 at 2016-08-09 15:17:05 +0530


Started GET "/assets/application.js?body=1" for 127.0.0.1 at 2016-08-09 15:17:05 +0530


Started GET "/movies/new" for 127.0.0.1 at 2016-08-09 15:17:10 +0530

ActionController::RoutingError (No route matches [GET] "/movies/new"):
  actionpack (4.1.5) lib/action_dispatch/middleware/debug_exceptions.rb:21:in `call'
  actionpack (4.1.5) lib/action_dispatch/middleware/show_exceptions.rb:30:in `call'
  railties (4.1.5) lib/rails/rack/logger.rb:38:in `call_app'
  railties (4.1.5) lib/rails/rack/logger.rb:20:in `block in call'
  activesupport (4.1.5) lib/active_support/tagged_logging.rb:68:in `block in tagged'
  activesupport (4.1.5) lib/active_support/tagged_logging.rb:26:in `tagged'
  activesupport (4.1.5) lib/active_support/tagged_logging.rb:68:in `tagged'
  railties (4.1.5) lib/rails/rack/logger.rb:20:in `call'
  actionpack (4.1.5) lib/action_dispatch/middleware/request_id.rb:21:in `call'
  rack (1.5.2) lib/rack/methodoverride.rb:21:in `call'
  rack (1.5.2) lib/rack/runtime.rb:17:in `call'
  activesupport (4.1.5) lib/active_support/cache/strategy/local_cache_middleware.rb:26:in `call'
  rack (1.5.2) lib/rack/lock.rb:17:in `call'
  actionpack (4.1.5) lib/action_dispatch/middleware/static.rb:64:in `call'
  rack (1.5.2) lib/rack/sendfile.rb:112:in `call'
  railties (4.1.5) lib/rails/engine.rb:514:in `call'
  railties (4.1.5) lib/rails/application.rb:144:in `call'
  rack (1.5.2) lib/rack/lock.rb:17:in `call'
  rack (1.5.2) lib/rack/content_length.rb:14:in `call'
  rack (1.5.2) lib/rack/handler/webrick.rb:60:in `service'
  /home/tri/.rvm/rubies/ruby-2.2.1/lib/ruby/2.2.0/webrick/httpserver.rb:138:in `service'
  /home/tri/.rvm/rubies/ruby-2.2.1/lib/ruby/2.2.0/webrick/httpserver.rb:94:in `run'
  /home/tri/.rvm/rubies/ruby-2.2.1/lib/ruby/2.2.0/webrick/server.rb:294:in `block in start_thread'


  Rendered /home/tri/.rvm/gems/ruby-2.2.1/gems/actionpack-4.1.5/lib/action_dispatch/middleware/templates/rescues/_trace.html.erb (2.4ms)
  Rendered /home/tri/.rvm/gems/ruby-2.2.1/gems/actionpack-4.1.5/lib/action_dispatch/middleware/templates/routes/_route.html.erb (7.4ms)
  Rendered /home/tri/.rvm/gems/ruby-2.2.1/gems/actionpack-4.1.5/lib/action_dispatch/middleware/templates/routes/_table.html.erb (45.7ms)
  Rendered /home/tri/.rvm/gems/ruby-2.2.1/gems/actionpack-4.1.5/lib/action_dispatch/middleware/templates/rescues/routing_error.html.erb within rescues/layout (193.6ms)


Started GET "/" for 127.0.0.1 at 2016-08-09 15:18:17 +0530
  [1m[36mActiveRecord::SchemaMigration Load (0.2ms)[0m  [1mSELECT "schema_migrations".* FROM "schema_migrations"[0m
Processing by TodoListsController#index as HTML
  [1m[35mTodoList Load (0.3ms)[0m  SELECT "todo_lists".* FROM "todo_lists"
  Rendered todo_lists/index.html.erb within layouts/application (12.5ms)
Completed 200 OK in 132ms (Views: 107.1ms | ActiveRecord: 0.9ms)


Started GET "/assets/application.css?body=1" for 127.0.0.1 at 2016-08-09 15:18:18 +0530


Started GET "/assets/jquery.js?body=1" for 127.0.0.1 at 2016-08-09 15:18:18 +0530


Started GET "/assets/jquery_ujs.js?body=1" for 127.0.0.1 at 2016-08-09 15:18:18 +0530


Started GET "/assets/turbolinks.js?body=1" for 127.0.0.1 at 2016-08-09 15:18:18 +0530


Started GET "/assets/todo_items.js?body=1" for 127.0.0.1 at 2016-08-09 15:18:18 +0530


Started GET "/assets/todo_lists.js?body=1" for 127.0.0.1 at 2016-08-09 15:18:18 +0530


Started GET "/assets/application.js?body=1" for 127.0.0.1 at 2016-08-09 15:18:18 +0530


Started GET "/" for 127.0.0.1 at 2016-08-09 15:18:19 +0530
Processing by TodoListsController#index as HTML
  [1m[36mTodoList Load (0.3ms)[0m  [1mSELECT "todo_lists".* FROM "todo_lists"[0m
  Rendered todo_lists/index.html.erb within layouts/application (2.0ms)
Completed 200 OK in 68ms (Views: 66.7ms | ActiveRecord: 0.3ms)


Started GET "/assets/jquery.js?body=1" for 127.0.0.1 at 2016-08-09 15:18:20 +0530


Started GET "/assets/application.css?body=1" for 127.0.0.1 at 2016-08-09 15:18:20 +0530


Started GET "/assets/jquery_ujs.js?body=1" for 127.0.0.1 at 2016-08-09 15:18:20 +0530


Started GET "/assets/turbolinks.js?body=1" for 127.0.0.1 at 2016-08-09 15:18:20 +0530


Started GET "/assets/todo_items.js?body=1" for 127.0.0.1 at 2016-08-09 15:18:20 +0530


Started GET "/assets/todo_lists.js?body=1" for 127.0.0.1 at 2016-08-09 15:18:20 +0530


Started GET "/assets/application.js?body=1" for 127.0.0.1 at 2016-08-09 15:18:20 +0530


Started GET "/todo_lists/3" for 127.0.0.1 at 2016-08-09 15:18:23 +0530
Processing by TodoListsController#show as HTML
  Parameters: {"id"=>"3"}
  [1m[35mTodoList Load (0.5ms)[0m  SELECT  "todo_lists".* FROM "todo_lists"  WHERE "todo_lists"."id" = ? LIMIT 1  [["id", 3]]
  [1m[36mTodoItem Load (0.4ms)[0m  [1mSELECT "todo_items".* FROM "todo_items"  WHERE "todo_items"."todo_list_id" = ?[0m  [["todo_list_id", 3]]
  Rendered todo_items/_todo_item.html.erb (9.0ms)
  Rendered todo_items/_form.html.erb (75.4ms)
  Rendered todo_lists/show.html.erb within layouts/application (205.8ms)
Completed 200 OK in 280ms (Views: 272.4ms | ActiveRecord: 1.6ms)


Started GET "/todo_lists" for 127.0.0.1 at 2016-08-09 15:18:28 +0530
Processing by TodoListsController#index as HTML
  [1m[35mTodoList Load (0.3ms)[0m  SELECT "todo_lists".* FROM "todo_lists"
  Rendered todo_lists/index.html.erb within layouts/application (3.0ms)
Completed 200 OK in 60ms (Views: 59.1ms | ActiveRecord: 0.3ms)


Started GET "/todo_lists/new" for 127.0.0.1 at 2016-08-09 15:19:39 +0530
Processing by TodoListsController#new as HTML
  Rendered todo_lists/_form.html.erb (20.9ms)
  Rendered todo_lists/new.html.erb within layouts/application (23.5ms)
Completed 200 OK in 80ms (Views: 78.4ms | ActiveRecord: 0.0ms)


Started POST "/todo_lists" for 127.0.0.1 at 2016-08-09 15:19:48 +0530
Processing by TodoListsController#create as HTML
  Parameters: {"utf8"=>"✓", "authenticity_token"=>"79NmzK8UmdOv0qDLSEiOmWiKUuvs7FDOo6p7fviwfp8=", "todo_list"=>{"title"=>"python", "description"=>"jksd.fnsdf"}, "commit"=>"Create Todo list"}
  [1m[36m (0.2ms)[0m  [1mbegin transaction[0m
  [1m[35mSQL (24.1ms)[0m  INSERT INTO "todo_lists" ("created_at", "description", "title", "updated_at") VALUES (?, ?, ?, ?)  [["created_at", "2016-08-09 09:49:48.447077"], ["description", "jksd.fnsdf"], ["title", "python"], ["updated_at", "2016-08-09 09:49:48.447077"]]
  [1m[36m (131.0ms)[0m  [1mcommit transaction[0m
Redirected to http://localhost:3000/todo_lists/4
Completed 302 Found in 162ms (ActiveRecord: 155.3ms)


Started GET "/todo_lists/4" for 127.0.0.1 at 2016-08-09 15:19:48 +0530
Processing by TodoListsController#show as HTML
  Parameters: {"id"=>"4"}
  [1m[35mTodoList Load (0.2ms)[0m  SELECT  "todo_lists".* FROM "todo_lists"  WHERE "todo_lists"."id" = ? LIMIT 1  [["id", 4]]
  [1m[36mTodoItem Load (0.2ms)[0m  [1mSELECT "todo_items".* FROM "todo_items"  WHERE "todo_items"."todo_list_id" = ?[0m  [["todo_list_id", 4]]
  Rendered collection (0.0ms)
  Rendered todo_items/_form.html.erb (7.3ms)
  Rendered todo_lists/show.html.erb within layouts/application (14.0ms)
Completed 200 OK in 86ms (Views: 83.5ms | ActiveRecord: 0.4ms)


Started GET "/assets/application.css?body=1" for 127.0.0.1 at 2016-08-09 15:19:48 +0530


Started GET "/assets/jquery_ujs.js?body=1" for 127.0.0.1 at 2016-08-09 15:19:48 +0530


Started GET "/assets/jquery.js?body=1" for 127.0.0.1 at 2016-08-09 15:19:48 +0530


Started GET "/assets/turbolinks.js?body=1" for 127.0.0.1 at 2016-08-09 15:19:48 +0530


Started GET "/assets/application.js?body=1" for 127.0.0.1 at 2016-08-09 15:19:48 +0530


Started GET "/assets/todo_items.js?body=1" for 127.0.0.1 at 2016-08-09 15:19:48 +0530


Started GET "/assets/todo_lists.js?body=1" for 127.0.0.1 at 2016-08-09 15:19:48 +0530


Started GET "/todo_lists/4/edit" for 127.0.0.1 at 2016-08-09 15:19:54 +0530
Processing by TodoListsController#edit as HTML
  Parameters: {"id"=>"4"}
  [1m[35mTodoList Load (0.2ms)[0m  SELECT  "todo_lists".* FROM "todo_lists"  WHERE "todo_lists"."id" = ? LIMIT 1  [["id", 4]]
  Rendered todo_lists/_form.html.erb (4.8ms)
  Rendered todo_lists/edit.html.erb within layouts/application (7.3ms)
Completed 200 OK in 67ms (Views: 65.0ms | ActiveRecord: 0.2ms)


Started PATCH "/todo_lists/4" for 127.0.0.1 at 2016-08-09 15:20:00 +0530
Processing by TodoListsController#update as HTML
  Parameters: {"utf8"=>"✓", "authenticity_token"=>"79NmzK8UmdOv0qDLSEiOmWiKUuvs7FDOo6p7fviwfp8=", "todo_list"=>{"title"=>"python", "description"=>"12344"}, "commit"=>"Update Todo list", "id"=>"4"}
  [1m[36mTodoList Load (0.2ms)[0m  [1mSELECT  "todo_lists".* FROM "todo_lists"  WHERE "todo_lists"."id" = ? LIMIT 1[0m  [["id", 4]]
  [1m[35m (0.1ms)[0m  begin transaction
  [1m[36mSQL (0.6ms)[0m  [1mUPDATE "todo_lists" SET "description" = ?, "updated_at" = ? WHERE "todo_lists"."id" = 4[0m  [["description", "12344"], ["updated_at", "2016-08-09 09:50:00.969949"]]
  [1m[35m (402.9ms)[0m  commit transaction
Redirected to http://localhost:3000/todo_lists/4
Completed 302 Found in 411ms (ActiveRecord: 403.7ms)


Started GET "/todo_lists/4" for 127.0.0.1 at 2016-08-09 15:20:01 +0530
Processing by TodoListsController#show as HTML
  Parameters: {"id"=>"4"}
  [1m[36mTodoList Load (0.2ms)[0m  [1mSELECT  "todo_lists".* FROM "todo_lists"  WHERE "todo_lists"."id" = ? LIMIT 1[0m  [["id", 4]]
  [1m[35mTodoItem Load (0.3ms)[0m  SELECT "todo_items".* FROM "todo_items"  WHERE "todo_items"."todo_list_id" = ?  [["todo_list_id", 4]]
  Rendered collection (0.0ms)
  Rendered todo_items/_form.html.erb (3.8ms)
  Rendered todo_lists/show.html.erb within layouts/application (8.8ms)
Completed 200 OK in 70ms (Views: 68.1ms | ActiveRecord: 0.4ms)


Started GET "/assets/jquery.js?body=1" for 127.0.0.1 at 2016-08-09 15:20:01 +0530


Started GET "/assets/turbolinks.js?body=1" for 127.0.0.1 at 2016-08-09 15:20:01 +0530


Started GET "/assets/jquery_ujs.js?body=1" for 127.0.0.1 at 2016-08-09 15:20:01 +0530


Started GET "/assets/application.css?body=1" for 127.0.0.1 at 2016-08-09 15:20:01 +0530


Started GET "/assets/todo_items.js?body=1" for 127.0.0.1 at 2016-08-09 15:20:01 +0530


Started GET "/assets/application.js?body=1" for 127.0.0.1 at 2016-08-09 15:20:01 +0530


Started GET "/assets/todo_lists.js?body=1" for 127.0.0.1 at 2016-08-09 15:20:01 +0530


Started GET "/todo_lists" for 127.0.0.1 at 2016-08-09 15:20:03 +0530
Processing by TodoListsController#index as HTML
  [1m[36mTodoList Load (0.3ms)[0m  [1mSELECT "todo_lists".* FROM "todo_lists"[0m
  Rendered todo_lists/index.html.erb within layouts/application (2.4ms)
Completed 200 OK in 60ms (Views: 59.0ms | ActiveRecord: 0.3ms)


Started GET "/todo_lists/4" for 127.0.0.1 at 2016-08-09 15:20:06 +0530
Processing by TodoListsController#show as HTML
  Parameters: {"id"=>"4"}
  [1m[35mTodoList Load (0.3ms)[0m  SELECT  "todo_lists".* FROM "todo_lists"  WHERE "todo_lists"."id" = ? LIMIT 1  [["id", 4]]
  [1m[36mTodoItem Load (0.2ms)[0m  [1mSELECT "todo_items".* FROM "todo_items"  WHERE "todo_items"."todo_list_id" = ?[0m  [["todo_list_id", 4]]
  Rendered collection (0.0ms)
  Rendered todo_items/_form.html.erb (3.8ms)
  Rendered todo_lists/show.html.erb within layouts/application (8.4ms)
Completed 200 OK in 80ms (Views: 77.4ms | ActiveRecord: 0.5ms)


Started GET "/todo_lists" for 127.0.0.1 at 2016-08-09 15:20:10 +0530
Processing by TodoListsController#index as HTML
  [1m[35mTodoList Load (0.3ms)[0m  SELECT "todo_lists".* FROM "todo_lists"
  Rendered todo_lists/index.html.erb within layouts/application (2.5ms)
Completed 200 OK in 59ms (Views: 57.6ms | ActiveRecord: 0.3ms)


Started GET "/todo_lists/new" for 127.0.0.1 at 2016-08-09 15:20:12 +0530
Processing by TodoListsController#new as HTML
  Rendered todo_lists/_form.html.erb (3.7ms)
  Rendered todo_lists/new.html.erb within layouts/application (5.2ms)
Completed 200 OK in 62ms (Views: 61.1ms | ActiveRecord: 0.0ms)


Started GET "/todo_lists" for 127.0.0.1 at 2016-08-09 15:20:14 +0530
Processing by TodoListsController#index as HTML
  [1m[36mTodoList Load (0.3ms)[0m  [1mSELECT "todo_lists".* FROM "todo_lists"[0m
  Rendered todo_lists/index.html.erb within layouts/application (2.1ms)
Completed 200 OK in 61ms (Views: 59.9ms | ActiveRecord: 0.3ms)


Started GET "/todo_lists/3" for 127.0.0.1 at 2016-08-09 15:20:15 +0530
Processing by TodoListsController#show as HTML
  Parameters: {"id"=>"3"}
  [1m[35mTodoList Load (0.3ms)[0m  SELECT  "todo_lists".* FROM "todo_lists"  WHERE "todo_lists"."id" = ? LIMIT 1  [["id", 3]]
  [1m[36mTodoItem Load (0.2ms)[0m  [1mSELECT "todo_items".* FROM "todo_items"  WHERE "todo_items"."todo_list_id" = ?[0m  [["todo_list_id", 3]]
  Rendered todo_items/_todo_item.html.erb (3.1ms)
  Rendered todo_items/_form.html.erb (2.7ms)
  Rendered todo_lists/show.html.erb within layouts/application (11.9ms)
Completed 200 OK in 78ms (Views: 74.7ms | ActiveRecord: 0.5ms)


Started POST "/todo_lists/3/todo_items" for 127.0.0.1 at 2016-08-09 15:20:22 +0530
Processing by TodoItemsController#create as HTML
  Parameters: {"utf8"=>"✓", "authenticity_token"=>"79NmzK8UmdOv0qDLSEiOmWiKUuvs7FDOo6p7fviwfp8=", "todo_item"=>{"content"=>"sql"}, "commit"=>"Create Todo item", "todo_list_id"=>"3"}
  [1m[35mTodoList Load (0.2ms)[0m  SELECT  "todo_lists".* FROM "todo_lists"  WHERE "todo_lists"."id" = ? LIMIT 1  [["id", 3]]
  [1m[36m (0.2ms)[0m  [1mbegin transaction[0m
  [1m[35mSQL (0.5ms)[0m  INSERT INTO "todo_items" ("content", "created_at", "todo_list_id", "updated_at") VALUES (?, ?, ?, ?)  [["content", "sql"], ["created_at", "2016-08-09 09:50:22.850800"], ["todo_list_id", 3], ["updated_at", "2016-08-09 09:50:22.850800"]]
  [1m[36m (198.4ms)[0m  [1mcommit transaction[0m
Redirected to http://localhost:3000/todo_lists/3
Completed 302 Found in 208ms (ActiveRecord: 199.3ms)


Started GET "/todo_lists/3" for 127.0.0.1 at 2016-08-09 15:20:23 +0530
Processing by TodoListsController#show as HTML
  Parameters: {"id"=>"3"}
  [1m[35mTodoList Load (0.3ms)[0m  SELECT  "todo_lists".* FROM "todo_lists"  WHERE "todo_lists"."id" = ? LIMIT 1  [["id", 3]]
  [1m[36mTodoItem Load (0.2ms)[0m  [1mSELECT "todo_items".* FROM "todo_items"  WHERE "todo_items"."todo_list_id" = ?[0m  [["todo_list_id", 3]]
  Rendered todo_items/_todo_item.html.erb (5.4ms)
  Rendered todo_items/_form.html.erb (3.1ms)
  Rendered todo_lists/show.html.erb within layouts/application (14.1ms)
Completed 200 OK in 78ms (Views: 76.0ms | ActiveRecord: 0.5ms)


Started GET "/assets/application.css?body=1" for 127.0.0.1 at 2016-08-09 15:20:23 +0530


Started GET "/assets/todo_items.js?body=1" for 127.0.0.1 at 2016-08-09 15:20:23 +0530


Started GET "/assets/jquery.js?body=1" for 127.0.0.1 at 2016-08-09 15:20:23 +0530


Started GET "/assets/jquery_ujs.js?body=1" for 127.0.0.1 at 2016-08-09 15:20:23 +0530


Started GET "/assets/turbolinks.js?body=1" for 127.0.0.1 at 2016-08-09 15:20:23 +0530


Started GET "/assets/todo_lists.js?body=1" for 127.0.0.1 at 2016-08-09 15:20:23 +0530


Started GET "/assets/application.js?body=1" for 127.0.0.1 at 2016-08-09 15:20:23 +0530


Started POST "/todo_lists/3/todo_items" for 127.0.0.1 at 2016-08-09 15:20:34 +0530
Processing by TodoItemsController#create as HTML
  Parameters: {"utf8"=>"✓", "authenticity_token"=>"79NmzK8UmdOv0qDLSEiOmWiKUuvs7FDOo6p7fviwfp8=", "todo_item"=>{"content"=>"angular"}, "commit"=>"Create Todo item", "todo_list_id"=>"3"}
  [1m[35mTodoList Load (0.2ms)[0m  SELECT  "todo_lists".* FROM "todo_lists"  WHERE "todo_lists"."id" = ? LIMIT 1  [["id", 3]]
  [1m[36m (0.2ms)[0m  [1mbegin transaction[0m
  [1m[35mSQL (0.4ms)[0m  INSERT INTO "todo_items" ("content", "created_at", "todo_list_id", "updated_at") VALUES (?, ?, ?, ?)  [["content", "angular"], ["created_at", "2016-08-09 09:50:34.421049"], ["todo_list_id", 3], ["updated_at", "2016-08-09 09:50:34.421049"]]
  [1m[36m (221.0ms)[0m  [1mcommit transaction[0m
Redirected to http://localhost:3000/todo_lists/3
Completed 302 Found in 230ms (ActiveRecord: 221.8ms)


Started GET "/todo_lists/3" for 127.0.0.1 at 2016-08-09 15:20:34 +0530
Processing by TodoListsController#show as HTML
  Parameters: {"id"=>"3"}
  [1m[35mTodoList Load (0.2ms)[0m  SELECT  "todo_lists".* FROM "todo_lists"  WHERE "todo_lists"."id" = ? LIMIT 1  [["id", 3]]
  [1m[36mTodoItem Load (0.2ms)[0m  [1mSELECT "todo_items".* FROM "todo_items"  WHERE "todo_items"."todo_list_id" = ?[0m  [["todo_list_id", 3]]
  Rendered todo_items/_todo_item.html.erb (4.4ms)
  Rendered todo_items/_form.html.erb (4.1ms)
  Rendered todo_lists/show.html.erb within layouts/application (13.9ms)
Completed 200 OK in 72ms (Views: 69.9ms | ActiveRecord: 0.4ms)


Started GET "/assets/application.css?body=1" for 127.0.0.1 at 2016-08-09 15:20:34 +0530


Started GET "/assets/jquery.js?body=1" for 127.0.0.1 at 2016-08-09 15:20:34 +0530


Started GET "/assets/jquery_ujs.js?body=1" for 127.0.0.1 at 2016-08-09 15:20:34 +0530


Started GET "/assets/todo_lists.js?body=1" for 127.0.0.1 at 2016-08-09 15:20:34 +0530


Started GET "/assets/turbolinks.js?body=1" for 127.0.0.1 at 2016-08-09 15:20:34 +0530


Started GET "/assets/todo_items.js?body=1" for 127.0.0.1 at 2016-08-09 15:20:35 +0530


Started GET "/assets/application.js?body=1" for 127.0.0.1 at 2016-08-09 15:20:35 +0530


Started PATCH "/todo_lists/3/todo_items/7/complete" for 127.0.0.1 at 2016-08-09 15:20:37 +0530
Processing by TodoItemsController#complete as HTML
  Parameters: {"authenticity_token"=>"79NmzK8UmdOv0qDLSEiOmWiKUuvs7FDOo6p7fviwfp8=", "todo_list_id"=>"3", "id"=>"7"}
  [1m[35mTodoList Load (0.2ms)[0m  SELECT  "todo_lists".* FROM "todo_lists"  WHERE "todo_lists"."id" = ? LIMIT 1  [["id", 3]]
  [1m[36mTodoItem Load (0.3ms)[0m  [1mSELECT  "todo_items".* FROM "todo_items"  WHERE "todo_items"."todo_list_id" = ? AND "todo_items"."id" = ? LIMIT 1[0m  [["todo_list_id", 3], ["id", 7]]
  [1m[35m (0.1ms)[0m  begin transaction
  [1m[36mSQL (0.4ms)[0m  [1mUPDATE "todo_items" SET "completed_at" = ?, "updated_at" = ? WHERE "todo_items"."id" = 7[0m  [["completed_at", "2016-08-09 09:50:37.378361"], ["updated_at", "2016-08-09 09:50:37.379083"]]
  [1m[35m (153.2ms)[0m  commit transaction
Redirected to http://localhost:3000/todo_lists/3
Completed 302 Found in 161ms (ActiveRecord: 154.2ms)


Started GET "/todo_lists/3" for 127.0.0.1 at 2016-08-09 15:20:37 +0530
Processing by TodoListsController#show as HTML
  Parameters: {"id"=>"3"}
  [1m[36mTodoList Load (0.3ms)[0m  [1mSELECT  "todo_lists".* FROM "todo_lists"  WHERE "todo_lists"."id" = ? LIMIT 1[0m  [["id", 3]]
  [1m[35mTodoItem Load (0.2ms)[0m  SELECT "todo_items".* FROM "todo_items"  WHERE "todo_items"."todo_list_id" = ?  [["todo_list_id", 3]]
  Rendered todo_items/_todo_item.html.erb (4.5ms)
  Rendered todo_items/_form.html.erb (3.0ms)
  Rendered todo_lists/show.html.erb within layouts/application (13.3ms)
Completed 200 OK in 74ms (Views: 71.3ms | ActiveRecord: 0.5ms)


Started GET "/assets/application.css?body=1" for 127.0.0.1 at 2016-08-09 15:20:37 +0530


Started GET "/assets/jquery.js?body=1" for 127.0.0.1 at 2016-08-09 15:20:37 +0530


Started GET "/assets/turbolinks.js?body=1" for 127.0.0.1 at 2016-08-09 15:20:37 +0530


Started GET "/assets/jquery_ujs.js?body=1" for 127.0.0.1 at 2016-08-09 15:20:37 +0530


Started GET "/assets/todo_items.js?body=1" for 127.0.0.1 at 2016-08-09 15:20:37 +0530


Started GET "/assets/todo_lists.js?body=1" for 127.0.0.1 at 2016-08-09 15:20:37 +0530


Started GET "/assets/application.js?body=1" for 127.0.0.1 at 2016-08-09 15:20:37 +0530


Started PATCH "/todo_lists/3/todo_items/7/complete" for 127.0.0.1 at 2016-08-09 15:20:41 +0530
Processing by TodoItemsController#complete as HTML
  Parameters: {"authenticity_token"=>"79NmzK8UmdOv0qDLSEiOmWiKUuvs7FDOo6p7fviwfp8=", "todo_list_id"=>"3", "id"=>"7"}
  [1m[36mTodoList Load (0.2ms)[0m  [1mSELECT  "todo_lists".* FROM "todo_lists"  WHERE "todo_lists"."id" = ? LIMIT 1[0m  [["id", 3]]
  [1m[35mTodoItem Load (0.3ms)[0m  SELECT  "todo_items".* FROM "todo_items"  WHERE "todo_items"."todo_list_id" = ? AND "todo_items"."id" = ? LIMIT 1  [["todo_list_id", 3], ["id", 7]]
  [1m[36m (0.3ms)[0m  [1mbegin transaction[0m
  [1m[35mSQL (0.5ms)[0m  UPDATE "todo_items" SET "completed_at" = ?, "updated_at" = ? WHERE "todo_items"."id" = 7  [["completed_at", "2016-08-09 09:50:41.636722"], ["updated_at", "2016-08-09 09:50:41.638723"]]
  [1m[36m (104.4ms)[0m  [1mcommit transaction[0m
Redirected to http://localhost:3000/todo_lists/3
Completed 302 Found in 116ms (ActiveRecord: 105.6ms)


Started GET "/todo_lists/3" for 127.0.0.1 at 2016-08-09 15:20:41 +0530
Processing by TodoListsController#show as HTML
  Parameters: {"id"=>"3"}
  [1m[35mTodoList Load (0.3ms)[0m  SELECT  "todo_lists".* FROM "todo_lists"  WHERE "todo_lists"."id" = ? LIMIT 1  [["id", 3]]
  [1m[36mTodoItem Load (0.2ms)[0m  [1mSELECT "todo_items".* FROM "todo_items"  WHERE "todo_items"."todo_list_id" = ?[0m  [["todo_list_id", 3]]
  Rendered todo_items/_todo_item.html.erb (5.4ms)
  Rendered todo_items/_form.html.erb (3.0ms)
  Rendered todo_lists/show.html.erb within layouts/application (14.2ms)
Completed 200 OK in 85ms (Views: 81.7ms | ActiveRecord: 0.5ms)


Started GET "/assets/application.css?body=1" for 127.0.0.1 at 2016-08-09 15:20:41 +0530


Started GET "/assets/jquery.js?body=1" for 127.0.0.1 at 2016-08-09 15:20:42 +0530


Started GET "/assets/todo_lists.js?body=1" for 127.0.0.1 at 2016-08-09 15:20:42 +0530


Started GET "/assets/todo_items.js?body=1" for 127.0.0.1 at 2016-08-09 15:20:42 +0530


Started GET "/assets/jquery_ujs.js?body=1" for 127.0.0.1 at 2016-08-09 15:20:42 +0530


Started GET "/assets/turbolinks.js?body=1" for 127.0.0.1 at 2016-08-09 15:20:42 +0530


Started GET "/assets/application.js?body=1" for 127.0.0.1 at 2016-08-09 15:20:42 +0530


Started GET "/" for 127.0.0.1 at 2016-08-31 14:13:56 +0530
  [1m[36mActiveRecord::SchemaMigration Load (0.2ms)[0m  [1mSELECT "schema_migrations".* FROM "schema_migrations"[0m
Processing by TodoListsController#index as HTML
  [1m[35mTodoList Load (0.2ms)[0m  SELECT "todo_lists".* FROM "todo_lists"
  Rendered todo_lists/index.html.erb within layouts/application (10.2ms)
Completed 200 OK in 277ms (Views: 247.7ms | ActiveRecord: 0.6ms)


Started GET "/assets/jquery.js?body=1" for 127.0.0.1 at 2016-08-31 14:13:56 +0530


Started GET "/assets/application.css?body=1" for 127.0.0.1 at 2016-08-31 14:13:56 +0530


Started GET "/assets/jquery_ujs.js?body=1" for 127.0.0.1 at 2016-08-31 14:13:56 +0530


Started GET "/assets/turbolinks.js?body=1" for 127.0.0.1 at 2016-08-31 14:13:56 +0530


Started GET "/assets/todo_items.js?body=1" for 127.0.0.1 at 2016-08-31 14:13:57 +0530


Started GET "/assets/todo_lists.js?body=1" for 127.0.0.1 at 2016-08-31 14:13:57 +0530


Started GET "/assets/application.js?body=1" for 127.0.0.1 at 2016-08-31 14:13:57 +0530


Started GET "/todo_lists/3" for 127.0.0.1 at 2016-08-31 14:14:03 +0530
Processing by TodoListsController#show as HTML
  Parameters: {"id"=>"3"}
  [1m[36mTodoList Load (0.3ms)[0m  [1mSELECT  "todo_lists".* FROM "todo_lists"  WHERE "todo_lists"."id" = ? LIMIT 1[0m  [["id", 3]]
  [1m[35mTodoItem Load (0.2ms)[0m  SELECT "todo_items".* FROM "todo_items"  WHERE "todo_items"."todo_list_id" = ?  [["todo_list_id", 3]]
  Rendered todo_items/_todo_item.html.erb (3.9ms)
  Rendered todo_items/_form.html.erb (107.2ms)
  Rendered todo_lists/show.html.erb within layouts/application (222.5ms)
Completed 200 OK in 284ms (Views: 280.0ms | ActiveRecord: 0.9ms)


Started DELETE "/todo_lists/3" for 127.0.0.1 at 2016-08-31 14:14:08 +0530
Processing by TodoListsController#destroy as HTML
  Parameters: {"authenticity_token"=>"cTz2i0e3Wu7DYaUk+R3xpwzpKD4fJYu52szILwWUszg=", "id"=>"3"}
  [1m[36mTodoList Load (0.1ms)[0m  [1mSELECT  "todo_lists".* FROM "todo_lists"  WHERE "todo_lists"."id" = ? LIMIT 1[0m  [["id", 3]]
  [1m[35m (0.1ms)[0m  begin transaction
  [1m[36mSQL (0.2ms)[0m  [1mDELETE FROM "todo_lists" WHERE "todo_lists"."id" = ?[0m  [["id", 3]]
  [1m[35m (102.7ms)[0m  commit transaction
Redirected to http://localhost:3000/
Completed 302 Found in 107ms (ActiveRecord: 103.2ms)


Started GET "/" for 127.0.0.1 at 2016-08-31 14:14:08 +0530
Processing by TodoListsController#index as HTML
  [1m[36mTodoList Load (0.2ms)[0m  [1mSELECT "todo_lists".* FROM "todo_lists"[0m
  Rendered todo_lists/index.html.erb within layouts/application (1.4ms)
Completed 200 OK in 37ms (Views: 35.8ms | ActiveRecord: 0.2ms)


Started GET "/todo_lists/new" for 127.0.0.1 at 2016-08-31 14:14:11 +0530
Processing by TodoListsController#new as HTML
  Rendered todo_lists/_form.html.erb (16.6ms)
  Rendered todo_lists/new.html.erb within layouts/application (19.3ms)
Completed 200 OK in 73ms (Views: 72.5ms | ActiveRecord: 0.0ms)


Started POST "/todo_lists" for 127.0.0.1 at 2016-08-31 14:14:18 +0530
Processing by TodoListsController#create as HTML
  Parameters: {"utf8"=>"✓", "authenticity_token"=>"cTz2i0e3Wu7DYaUk+R3xpwzpKD4fJYu52szILwWUszg=", "todo_list"=>{"title"=>"Ruby", "description"=>"sldjsdf"}, "commit"=>"Create Todo list"}
  [1m[35m (0.1ms)[0m  begin transaction
  [1m[36mSQL (0.3ms)[0m  [1mINSERT INTO "todo_lists" ("created_at", "description", "title", "updated_at") VALUES (?, ?, ?, ?)[0m  [["created_at", "2016-08-31 08:44:18.664744"], ["description", "sldjsdf"], ["title", "Ruby"], ["updated_at", "2016-08-31 08:44:18.664744"]]
  [1m[35m (214.0ms)[0m  commit transaction
Redirected to http://localhost:3000/todo_lists/5
Completed 302 Found in 219ms (ActiveRecord: 214.4ms)


Started GET "/todo_lists/5" for 127.0.0.1 at 2016-08-31 14:14:18 +0530
Processing by TodoListsController#show as HTML
  Parameters: {"id"=>"5"}
  [1m[36mTodoList Load (0.2ms)[0m  [1mSELECT  "todo_lists".* FROM "todo_lists"  WHERE "todo_lists"."id" = ? LIMIT 1[0m  [["id", 5]]
  [1m[35mTodoItem Load (0.1ms)[0m  SELECT "todo_items".* FROM "todo_items"  WHERE "todo_items"."todo_list_id" = ?  [["todo_list_id", 5]]
  Rendered collection (0.0ms)
  Rendered todo_items/_form.html.erb (2.9ms)
  Rendered todo_lists/show.html.erb within layouts/application (6.8ms)
Completed 200 OK in 47ms (Views: 45.0ms | ActiveRecord: 0.4ms)


Started GET "/todo_lists" for 127.0.0.1 at 2016-08-31 14:14:22 +0530
Processing by TodoListsController#index as HTML
  [1m[36mTodoList Load (0.3ms)[0m  [1mSELECT "todo_lists".* FROM "todo_lists"[0m
  Rendered todo_lists/index.html.erb within layouts/application (2.7ms)
Completed 200 OK in 50ms (Views: 48.6ms | ActiveRecord: 0.3ms)


Started GET "/todo_lists/new" for 127.0.0.1 at 2016-08-31 14:14:25 +0530
Processing by TodoListsController#new as HTML
  Rendered todo_lists/_form.html.erb (3.2ms)
  Rendered todo_lists/new.html.erb within layouts/application (4.6ms)
Completed 200 OK in 49ms (Views: 47.8ms | ActiveRecord: 0.0ms)


Started GET "/todo_lists" for 127.0.0.1 at 2016-08-31 14:14:27 +0530
Processing by TodoListsController#index as HTML
  [1m[35mTodoList Load (0.3ms)[0m  SELECT "todo_lists".* FROM "todo_lists"
  Rendered todo_lists/index.html.erb within layouts/application (1.9ms)
Completed 200 OK in 49ms (Views: 47.8ms | ActiveRecord: 0.3ms)


Started GET "/todo_lists/4" for 127.0.0.1 at 2016-08-31 14:14:31 +0530
Processing by TodoListsController#show as HTML
  Parameters: {"id"=>"4"}
  [1m[36mTodoList Load (0.1ms)[0m  [1mSELECT  "todo_lists".* FROM "todo_lists"  WHERE "todo_lists"."id" = ? LIMIT 1[0m  [["id", 4]]
  [1m[35mTodoItem Load (0.1ms)[0m  SELECT "todo_items".* FROM "todo_items"  WHERE "todo_items"."todo_list_id" = ?  [["todo_list_id", 4]]
  Rendered collection (0.0ms)
  Rendered todo_items/_form.html.erb (2.3ms)
  Rendered todo_lists/show.html.erb within layouts/application (5.2ms)
Completed 200 OK in 44ms (Views: 41.8ms | ActiveRecord: 0.2ms)


Started GET "/todo_lists" for 127.0.0.1 at 2016-08-31 14:14:34 +0530
Processing by TodoListsController#index as HTML
  [1m[36mTodoList Load (0.3ms)[0m  [1mSELECT "todo_lists".* FROM "todo_lists"[0m
  Rendered todo_lists/index.html.erb within layouts/application (2.1ms)
Completed 200 OK in 50ms (Views: 48.9ms | ActiveRecord: 0.3ms)


Started GET "/" for 127.0.0.1 at 2016-08-31 14:22:24 +0530
  [1m[36mActiveRecord::SchemaMigration Load (0.1ms)[0m  [1mSELECT "schema_migrations".* FROM "schema_migrations"[0m
Processing by TodoListsController#index as HTML
  [1m[35mTodoList Load (0.2ms)[0m  SELECT "todo_lists".* FROM "todo_lists"
  Rendered todo_lists/index.html.erb within layouts/application (6.0ms)
Completed 200 OK in 66ms (Views: 55.1ms | ActiveRecord: 0.4ms)


Started GET "/assets/jquery.js?body=1" for 127.0.0.1 at 2016-08-31 14:22:25 +0530


Started GET "/assets/application.css?body=1" for 127.0.0.1 at 2016-08-31 14:22:25 +0530


Started GET "/assets/jquery_ujs.js?body=1" for 127.0.0.1 at 2016-08-31 14:22:25 +0530


Started GET "/assets/turbolinks.js?body=1" for 127.0.0.1 at 2016-08-31 14:22:25 +0530


Started GET "/assets/todo_items.js?body=1" for 127.0.0.1 at 2016-08-31 14:22:25 +0530


Started GET "/assets/todo_lists.js?body=1" for 127.0.0.1 at 2016-08-31 14:22:25 +0530


Started GET "/assets/application.js?body=1" for 127.0.0.1 at 2016-08-31 14:22:25 +0530
